#
# There is insufficient memory for the Java Runtime Environment to continue.
# Native memory allocation (mmap) failed to map 134217728 bytes. Error detail: G1 virtual space
# Possible reasons:
#   The system is out of physical RAM or swap space
#   This process is running with CompressedOops enabled, and the Java Heap may be blocking the growth of the native heap
# Possible solutions:
#   Reduce memory load on the system
#   Increase physical memory or swap space
#   Check if swap backing store is full
#   Decrease Java heap size (-Xmx/-Xms)
#   Decrease number of Java threads
#   Decrease Java thread stack sizes (-Xss)
#   Set larger code cache with -XX:ReservedCodeCacheSize=
#   JVM is running with Unscaled Compressed Oops mode in which the Java heap is
#     placed in the first 4GB address space. The Java Heap base address is the
#     maximum limit for the native heap growth. Please use -XX:HeapBaseMinAddress
#     to set the Java Heap base and to place the Java Heap above 4GB virtual address.
# This output file may be truncated or incomplete.
#
#  Out of Memory Error (os_windows.cpp:3564), pid=5264, tid=13404
#
# JRE version:  (24.0.1+9) (build )
# Java VM: OpenJDK 64-Bit Server VM (24.0.1+9-30, mixed mode, sharing, tiered, compressed oops, compressed class ptrs, g1 gc, windows-amd64)
# No core dump will be written. Minidumps are not enabled by default on client versions of Windows
#

---------------  S U M M A R Y ------------

Command Line: -Dorg.gradle.internal.worker.tmpdir=C:\Users\1000y\IdeaProjects\b01\build\tmp\test\work -Xmx512m -Dfile.encoding=UTF-8 -Duser.country=KR -Duser.language=ko -Duser.variant -ea worker.org.gradle.process.internal.worker.GradleWorkerMain 'Gradle Test Executor 1'

Host: Intel(R) Core(TM) i5-4200U CPU @ 1.60GHz, 4 cores, 7G,  Windows 10 , 64 bit Build 19041 (10.0.19041.5915)
Time: Thu Jul 24 18:20:23 2025  Windows 10 , 64 bit Build 19041 (10.0.19041.5915) elapsed time: 0.115434 seconds (0d 0h 0m 0s)

---------------  T H R E A D  ---------------

Current thread (0x0000024dfd2ea390):  JavaThread "Unknown thread" [_thread_in_vm, id=13404, stack(0x000000ede9f00000,0x000000edea000000) (1024K)]

Stack: [0x000000ede9f00000,0x000000edea000000]
Native frames: (J=compiled Java code, j=interpreted, Vv=VM code, C=native code)
V  [jvm.dll+0x730739]  (no source info available)
V  [jvm.dll+0x8d9b23]  (no source info available)
V  [jvm.dll+0x8dc00d]  (no source info available)
V  [jvm.dll+0x8dc683]  (no source info available)
V  [jvm.dll+0x2aa086]  (no source info available)
V  [jvm.dll+0x72cc65]  (no source info available)
V  [jvm.dll+0x72059a]  (no source info available)
V  [jvm.dll+0x390cea]  (no source info available)
V  [jvm.dll+0x3989f6]  (no source info available)
V  [jvm.dll+0x38523e]  (no source info available)
V  [jvm.dll+0x3854f8]  (no source info available)
V  [jvm.dll+0x35d0cc]  (no source info available)
V  [jvm.dll+0x35dd8d]  (no source info available)
V  [jvm.dll+0x89d28f]  (no source info available)
V  [jvm.dll+0x3f985d]  (no source info available)
V  [jvm.dll+0x8858e6]  (no source info available)
V  [jvm.dll+0x495f3e]  (no source info available)
V  [jvm.dll+0x497d11]  (no source info available)
C  [jli.dll+0x52a1]  (no source info available)
C  [ucrtbase.dll+0x21bb2]  (no source info available)
C  [KERNEL32.DLL+0x17374]  (no source info available)
C  [ntdll.dll+0x4cc91]  (no source info available)

Lock stack of current Java thread (top to bottom):


---------------  P R O C E S S  ---------------

Threads class SMR info:
_java_thread_list=0x00007ff99539f318, length=0, elements={
}

Java Threads: ( => current thread )
Total: 0

Other Threads:
  0x0000024dff4b3e70 WorkerThread "GC Thread#0"                     [id=13816, stack(0x000000edea000000,0x000000edea100000) (1024K)]
  0x0000024dff4b9ec0 ConcurrentGCThread "G1 Main Marker"            [id=20112, stack(0x000000edea100000,0x000000edea200000) (1024K)]
  0x0000024dff4bc300 WorkerThread "G1 Conc#0"                       [id=19584, stack(0x000000edea200000,0x000000edea300000) (1024K)]

[error occurred during error reporting (printing all threads), id 0xc0000005, EXCEPTION_ACCESS_VIOLATION (0xc0000005) at pc=0x00007ff994ad14ea]
VM state: not at safepoint (not fully initialized)

VM Mutex/Monitor currently owned by a thread:  ([mutex/lock_event])
[0x00007ff9954245b0] Heap_lock - owner thread: 0x0000024dfd2ea390

Heap address: 0x00000000e0000000, size: 512 MB, Compressed Oops mode: 32-bit

CDS archive(s) mapped at: [0x0000000000000000-0x0000000000000000-0x0000000000000000), size 0, SharedBaseAddress: 0x0000000800000000, ArchiveRelocationMode: 1.
UseCompressedClassPointers 1, UseCompactObjectHeaders 0
Narrow klass pointer bits 32, Max shift 3
Narrow klass base: 0xffffffffffffffff, Narrow klass shift: -1
Encoding Range: [0xffffffffffffffff - 0x000000007fffffff), (2147483648 bytes)
Klass Range:    [0x0000000000000000 - 0x0000000000000000), (0 bytes)
Klass ID Range:  [4294967295 - 0) (1)

GC Precious Log:
 CardTable entry size: 512
 Card Set container configuration: InlinePtr #cards 5 size 8 Array Of Cards #cards 10 size 36 Howl #buckets 4 coarsen threshold 1843 Howl Bitmap #cards 512 size 80 coarsen threshold 460 Card regions per heap region 1 cards per card region 2048

Heap:
 garbage-first heap   total reserved 524288K, committed 0K, used 0K [0x00000000e0000000, 0x0000000100000000)
  region size 1024K, 0 young (0K), 0 survivors (0K)

[error occurred during error reporting (printing heap information), id 0xc0000005, EXCEPTION_ACCESS_VIOLATION (0xc0000005) at pc=0x00007ff994eee3e9]
GC Heap History (0 events):
No events

Dll operation events (1 events):
Event: 0.054 Loaded shared library C:\Users\1000y\.jdks\openjdk-24.0.1\bin\java.dll

Deoptimization events (0 events):
No events

Classes loaded (0 events):
No events

Classes unloaded (0 events):
No events

Classes redefined (0 events):
No events

Internal exceptions (0 events):
No events

VM Operations (0 events):
No events

Memory protections (0 events):
No events

Nmethod flushes (0 events):
No events

Events (0 events):
No events


Dynamic libraries:
0x00007ff7e7de0000 - 0x00007ff7e7dee000 	C:\Users\1000y\.jdks\openjdk-24.0.1\bin\java.exe
0x00007ff9d0710000 - 0x00007ff9d0908000 	C:\WINDOWS\SYSTEM32\ntdll.dll
0x00007ff9cea90000 - 0x00007ff9ceb52000 	C:\WINDOWS\System32\KERNEL32.DLL
0x00007ff9cded0000 - 0x00007ff9ce1c6000 	C:\WINDOWS\System32\KERNELBASE.dll
0x00007ff9cdda0000 - 0x00007ff9cdea0000 	C:\WINDOWS\System32\ucrtbase.dll
0x00007ff9c7c80000 - 0x00007ff9c7c96000 	C:\Users\1000y\.jdks\openjdk-24.0.1\bin\jli.dll
0x00007ff9cfbe0000 - 0x00007ff9cfd7d000 	C:\WINDOWS\System32\USER32.dll
0x00007ff9cdea0000 - 0x00007ff9cdec2000 	C:\WINDOWS\System32\win32u.dll
0x00007ff9c63a0000 - 0x00007ff9c63bb000 	C:\Users\1000y\.jdks\openjdk-24.0.1\bin\VCRUNTIME140.dll
0x00007ff9cf7e0000 - 0x00007ff9cf80b000 	C:\WINDOWS\System32\GDI32.dll
0x00007ff9ce1d0000 - 0x00007ff9ce2e9000 	C:\WINDOWS\System32\gdi32full.dll
0x00007ff9ce640000 - 0x00007ff9ce6dd000 	C:\WINDOWS\System32\msvcp_win.dll
0x00007ff9bcfb0000 - 0x00007ff9bd24a000 	C:\WINDOWS\WinSxS\amd64_microsoft.windows.common-controls_6595b64144ccf1df_6.0.19041.5915_none_60b4b9d171f9c7c7\COMCTL32.dll
0x00007ff9cf0d0000 - 0x00007ff9cf16e000 	C:\WINDOWS\System32\msvcrt.dll
0x00007ff9ceb60000 - 0x00007ff9ceb8f000 	C:\WINDOWS\System32\IMM32.DLL
0x00007ff9cb260000 - 0x00007ff9cb26c000 	C:\Users\1000y\.jdks\openjdk-24.0.1\bin\vcruntime140_1.dll
0x00007ff9bfb80000 - 0x00007ff9bfc0e000 	C:\Users\1000y\.jdks\openjdk-24.0.1\bin\msvcp140.dll
0x00007ff994760000 - 0x00007ff995502000 	C:\Users\1000y\.jdks\openjdk-24.0.1\bin\server\jvm.dll
0x00007ff9cfa70000 - 0x00007ff9cfb21000 	C:\WINDOWS\System32\ADVAPI32.dll
0x00007ff9d04f0000 - 0x00007ff9d058f000 	C:\WINDOWS\System32\sechost.dll
0x00007ff9ce750000 - 0x00007ff9ce873000 	C:\WINDOWS\System32\RPCRT4.dll
0x00007ff9ce2f0000 - 0x00007ff9ce317000 	C:\WINDOWS\System32\bcrypt.dll
0x00007ff9cf770000 - 0x00007ff9cf7db000 	C:\WINDOWS\System32\WS2_32.dll
0x00007ff9cd200000 - 0x00007ff9cd24b000 	C:\WINDOWS\SYSTEM32\POWRPROF.dll
0x00007ff9c1750000 - 0x00007ff9c1777000 	C:\WINDOWS\SYSTEM32\WINMM.dll
0x00007ff9c65d0000 - 0x00007ff9c65da000 	C:\WINDOWS\SYSTEM32\VERSION.dll
0x00007ff9cd1a0000 - 0x00007ff9cd1b2000 	C:\WINDOWS\SYSTEM32\UMPDC.dll
0x00007ff9cc940000 - 0x00007ff9cc952000 	C:\WINDOWS\SYSTEM32\kernel.appcore.dll
0x00007ff9c73f0000 - 0x00007ff9c73fa000 	C:\Users\1000y\.jdks\openjdk-24.0.1\bin\jimage.dll
0x00007ff9bd2b0000 - 0x00007ff9bd4b1000 	C:\WINDOWS\SYSTEM32\DBGHELP.DLL
0x00007ff9bd690000 - 0x00007ff9bd6c4000 	C:\WINDOWS\SYSTEM32\dbgcore.DLL
0x00007ff9ce5b0000 - 0x00007ff9ce632000 	C:\WINDOWS\System32\bcryptPrimitives.dll
0x00007ff9c36f0000 - 0x00007ff9c370e000 	C:\Users\1000y\.jdks\openjdk-24.0.1\bin\java.dll
0x00007ff9cef90000 - 0x00007ff9cf0bb000 	C:\WINDOWS\System32\ole32.dll
0x00007ff9ceb90000 - 0x00007ff9ceee3000 	C:\WINDOWS\System32\combase.dll
0x00007ff9cfd80000 - 0x00007ff9d04ee000 	C:\WINDOWS\System32\SHELL32.dll

JVMTI agents: none

dbghelp: loaded successfully - version: 4.0.5 - missing functions: none
symbol engine: initialized successfully - sym options: 0x614 - pdb path: .;C:\Users\1000y\.jdks\openjdk-24.0.1\bin;C:\WINDOWS\SYSTEM32;C:\WINDOWS\WinSxS\amd64_microsoft.windows.common-controls_6595b64144ccf1df_6.0.19041.5915_none_60b4b9d171f9c7c7;C:\Users\1000y\.jdks\openjdk-24.0.1\bin\server

VM Arguments:
jvm_args: -Dorg.gradle.internal.worker.tmpdir=C:\Users\1000y\IdeaProjects\b01\build\tmp\test\work -Xmx512m -Dfile.encoding=UTF-8 -Duser.country=KR -Duser.language=ko -Duser.variant -ea 
java_command: worker.org.gradle.process.internal.worker.GradleWorkerMain 'Gradle Test Executor 1'
java_class_path (initial): C:\\Users\\1000y\\.gradle\\caches\\8.14.3\\workerMain\\gradle-worker.jar;C:\\Users\\1000y\\IdeaProjects\\b01\\build\\classes\\java\\test;C:\\Users\\1000y\\IdeaProjects\\b01\\build\\classes\\java\\main;C:\\Users\\1000y\\IdeaProjects\\b01\\build\\resources\\main;C:\\Users\\1000y\\.gradle\\caches\\modules-2\\files-2.1\\org.springframework.boot\\spring-boot-starter-data-jpa\\3.5.3\\8494346cf0bdb148ef29d5f41647b0cd6908ad7d\\spring-boot-starter-data-jpa-3.5.3.jar;C:\\Users\\1000y\\.gradle\\caches\\modules-2\\files-2.1\\org.springframework.boot\\spring-boot-starter-thymeleaf\\3.5.3\\17304681e405e320c7eb77b980589d857296c22c\\spring-boot-starter-thymeleaf-3.5.3.jar;C:\\Users\\1000y\\.gradle\\caches\\modules-2\\files-2.1\\org.springframework.boot\\spring-boot-starter-web\\3.5.3\\4ba7817f958e9a0b0f642af98440affd0c7e2ee0\\spring-boot-starter-web-3.5.3.jar;C:\\Users\\1000y\\.gradle\\caches\\modules-2\\files-2.1\\org.mariadb.jdbc\\mariadb-java-client\\3.5.3\\7dd98de674679356a2eeada875a383f553e09b54\\mariadb-java-client-3.5.3.jar;C:\\Users\\1000y\\.gradle\\caches\\modules-2\\files-2.1\\org.springframework.boot\\spring-boot-starter-test\\3.5.3\\916e174221d2b9c770ecc12c8adc2bf2b75ff49\\spring-boot-starter-test-3.5.3.jar;C:\\Users\\1000y\\.gradle\\caches\\modules-2\\files-2.1\\org.junit.jupiter\\junit-jupiter\\5.12.2\\64d3ec64ae06517bc14b7faaaec7c996b0d05bea\\junit-jupiter-5.12.2.jar;C:\\Users\\1000y\\.gradle\\caches\\modules-2\\files-2.1\\org.junit.jupiter\\junit-jupiter-engine\\5.12.2\\b8df7575b8cd3a94dbe27b481d1cd52c57864559\\junit-jupiter-engine-5.12.2.jar;C:\\Users\\1000y\\.gradle\\caches\\modules-2\\files-2.1\\org.junit.platform\\junit-platform-engine\\1.12.2\\8519ece93f91b8115705d36be2c36d49808935cd\\junit-platform-engine-1.12.2.jar;C:\\Users\\1000y\\.gradle\\caches\\modules-2\\files-2.1\\org.mockito\\mockito-junit-jupiter\\5.17.0\\4399e19e3fb5b55230027583323e4c883d5da07d\\mockito-junit-jupiter-5.17.0.jar;C:\\Users\\1000y\\.gradle\\caches\\modules-2\\files-2.1\\org.junit.jupiter\\junit-jupiter-params\\5.12.2\\ff1434a66d1fb84c2c709cde2e2d56d5c8f4fad3\\junit-jupiter-params-5.12.2.jar;C:\\Users\\1000y\\.gradle\\caches\\modules-2\\files-2.1\\org.junit.jupiter\\junit-jupiter-api\\5.12.2\\6de3a3256c5d90f4a439edcb6c2e8dc5180907b0\\junit-jupiter-api-5.12.2.jar;C:\\Users\\1000y\\.gradle\\caches\\modules-2\\files-2.1\\org.junit.platform\\junit-platform-commons\\1.12.2\\b89e88a89ee009937374a4c96912e007b34c8e35\\junit-platform-commons-1.12.2.jar;C:\\Users\\1000y\\.gradle\\caches\\modules-2\\files-2.1\\org.junit.platform\\junit-platform-launcher\\1.12.2\\79d49ad13017c67a8bf76e10ba5ac8937d811772\\junit-platform-launcher-1.12.2.jar;C:\\Users\\1000y\\.gradle\\caches\\modules-2\\files-2.1\\org.springframework.boot\\spring-boot-starter-jdbc\\3.5.3\\427ff2d6cc12a5e503b1be8508db08f0c05098c0\\spring-boot-starter-jdbc-3.5.3.jar;C:\\Users\\1000y\\.gradle\\caches\\modules-2\\files-2.1\\org.springframework.boot\\spring-boot-starter-json\\3.5.3\\fe424c3edf444e65e3c3331a1538d31396225a3b\\spring-boot-starter-json-3.5.3.jar;C:\\Users\\1000y\\.gradle\\caches\\modules-2\\files-2.1\\org.springframework.boot\\spring-boot-starter\\3.5.3\\b978e45d89b92eedaa09d0993bed91bcf00153d4\\spring-boot-starter-3.5.3.jar;C:\\Users\\1000y\\.gradle\\caches\\modules-2\\files-2.1\\org.hibernate.orm\\hibernate-core\\6.6.18.Final\\c3d150af4c341a7b07c75a8905bfbba895e73fbc\\hibernate-core-6.6.18.Final.jar;C:\\Users\\1000y\\.gradle\\caches\\modules-2\\files-2.1\\org.springframework.data\\spring-data-jpa\\3.5.1\\7d34c2d8c8bcd96f5ce3f012c2a88d682a86e14b\\spring-data-jpa-3.5.1.jar;C:\\Users\\1000y\\.gradle\\caches\\modules-2\\files-2.1\\org.springframework\\spring-aspects\\6.2.8\\30cd83452beef146187bee60a824fe3ae7197d85\\spring-aspects-6.2.8.jar;C:\\Users\\1000y\\.gradle\\caches\\modules-2\\files-2.1\\org.thymeleaf\\thymeleaf-spring6\\3.1.3.RELEASE\\4b276ea2bd536a18e44b40ff1d9f4848965ff59c\\thymeleaf-spring6-3.1.3.RELEASE.jar;C:\\Users\\1000y\\.gradle\\caches\\modules-2\\files-2.1\\org.springframework.boot\\spring-boot-starter-tomcat\\3.5.3\\490bccd84af19bddcb955e722c8dcebc34cb2193\\spring-boot-starter-tomcat-3.5.3.jar;C:\\Users\\1000y\\.gradle\\caches\\modules-2\\files-2.1\\org.springframework\\spring-webmvc\\6.2.8\\a98cbaba4b55b4fee2d752041130e2e0f7014b27\\spring-webmvc-6.2.8.jar;C:\\Users\\1000y\\.gradle\\caches\\modules-2\\files-2.1\\org.springframework\\spring-web\\6.2.8\\7b6a4ffb12639779721bc5adbc7f5ba80db72ff9\\spring-web-6.2.8.jar;C:\\Users\\1000y\\.gradle\\caches\\modules-2\\files-2.1\\org.springframework.boot\\spring-boot-test-autoconfigure\\3.5.3\\50d834241863042463113287b71bfc719d32dac1\\spring-boot-test-autoconfigure-3.5.3.jar;C:\\Users\\1000y\\.gradle\\caches\\modules-2\\files-2.1\\org.springframework.boot\\spring-boot-test\\3.5.3\\dd4c87534ae57510b01575c374eb8d55dd4efb92\\spring-boot-test-3.5.3.jar;C:\\Users\\1000y\\.gradle\\caches\\modules-2\\files-2.1\\com.jayway.jsonpath\\json-path\\2.9.0\\37fe2217f577b0b68b18e62c4d17a8858ecf9b69\\json-path-2.9.0.jar;C:\\Users\\1000y\\.gradle\\caches\\modules-2\\files-2.1\\org.glassfish.jaxb\\jaxb-runtime\\4.0.5\\ca84c2a7169b5293e232b9d00d1e4e36d4c3914a\\jaxb-runtime-4.0.5.jar;C:\\Users\\1000y\\.gradle\\caches\\modules-2\\files-2.1\\org.glassfish.jaxb\\jaxb-core\\4.0.5\\7b4b11ea5542eea4ad55e1080b23be436795b3\\jaxb-core-4.0.5.jar;C:\\Users\\1000y\\.gradle\\caches\\modules-2\\files-2.1\\jakarta.xml.bind\\jakarta.xml.bind-api\\4.0.2\\6cd5a999b834b63238005b7144136379dc36cad2\\jakarta.xml.bind-api-4.0.2.jar;C:\\Users\\1000y\\.gradle\\caches\\modules-2\\files-2.1\\net.minidev\\json-smart\\2.5.2\\95d166b18f95907be0f46cdb9e1c0695eed03387\\json-smart-2.5.2.jar;C:\\Users\\1000y\\.gradle\\caches\\modules-2\\files-2.1\\org.assertj\\assertj-core\\3.27.3\\31f5d58a202bd5df4993fb10fa2cffd610c20d6f\\assertj-core-3.27.3.jar;C:\\Users\\1000y\\.gradle\\caches\\modules-2\\files-2.1\\org.awaitility\\awaitility\\4.2.2\\7336242073ebf83fe034e42b46a403c5501b63c9\\awaitility-4.2.2.jar;C:\\Users\\1000y\\.gradle\\caches\\modules-2\\files-2.1\\org.hamcrest\\hamcrest\\3.0\\8fd9b78a8e6a6510a078a9e30e9e86a6035cfaf7\\hamcrest-3.0.jar;C:\\Users\\1000y\\.gradle\\caches\\modules-2\\files-2.1\\org.mockito\\mockito-core\\5.17.0\\f5fe5a2f94eb65f4f83ca0607bfe13ec0d9c6f3b\\mockito-core-5.17.0.jar;C:\\Users\\1000y\\.gradle\\caches\\modules-2\\files-2.1\\org.skyscreamer\\jsonassert\\1.5.3\\aaa43e0823d2a0e106e8754d6a9c4ab24e05e9bc\\jsonassert-1.5.3.jar;C:\\Users\\1000y\\.gradle\\caches\\modules-2\\files-2.1\\org.springframework\\spring-test\\6.2.8\\f7a691aa541ec9299fdeb4d2d9a61b4c821abcf2\\spring-test-6.2.8.jar;C:\\Users\\1000y\\.gradle\\caches\\modules-2\\files-2.1\\org.springframework.boot\\spring-boot-autoconfigure\\3.5.3\\b03483a9d3c480d064c8380e2d78ea3593ca6cb8\\spring-boot-autoconfigure-3.5.3.jar;C:\\Users\\1000y\\.gradle\\caches\\modules-2\\files-2.1\\org.springframework.boot\\spring-boot\\3.5.3\\1b02976773afc2489df3c22000acaf83d0ada2b2\\spring-boot-3.5.3.jar;C:\\Users\\1000y\\.gradle\\caches\\modules-2\\files-2.1\\org.springframework\\spring-orm\\6.2.8\\3bfe2a04c09ad1d7738b16e6e4636a7255be3af8\\spring-orm-6.2.8.jar;C:\\Users\\1000y\\.gradle\\caches\\modules-2\\files-2.1\\org.springframework\\spring-jdbc\\6.2.8\\2927be130aa08d6513804a048eb6065ab5c51a1d\\spring-jdbc-6.2.8.jar;C:\\Users\\1000y\\.gradle\\caches\\modules-2\\files-2.1\\org.springframework.data\\spring-data-commons\\3.5.1\\90bd3f9edcc3b98e0d49657f3f2152e933b42ae8\\spring-data-commons-3.5.1.jar;C:\\Users\\1000y\\.gradle\\caches\\modules-2\\files-2.1\\org.springframework\\spring-context\\6.2.8\\9db99fe5f92f587e8f2b26b34a7f42260169925a\\spring-context-6.2.8.jar;C:\\Users\\1000y\\.gradle\\caches\\modules-2\\files-2.1\\org.springframework\\spring-aop\\6.2.8\\435fb310d5f464050b91ac3cb1a7f217a471e62e\\spring-aop-6.2.8.jar;C:\\Users\\1000y\\.gradle\\caches\\modules-2\\files-2.1\\org.springframework\\spring-tx\\6.2.8\\6b2eecf34f0810dd989f7e7bfa8fd8c86fe28dfb\\spring-tx-6.2.8.jar;C:\\Users\\1000y\\.gradle\\caches\\modules-2\\files-2.1\\org.springframework\\spring-beans\\6.2.8\\9da1e690f343c30b6ed6eabd5f60ecc5dd0b225a\\spring-beans-6.2.8.jar;C:\\Users\\1000y\\.gradle\\caches\\modules-2\\files-2.1\\org.springframework\\spring-expression\\6.2.8\\19e6618120fab6a572880675e1c0af676c7aa4ac\\spring-expression-6.2.8.jar;C:\\Users\\1000y\\.gradle\\caches\\modules-2\\files-2.1\\org.springframework\\spring-core\\6.2.8\\2caf1cef93252f5ef2b7f334b8b4d61f3aecad15\\spring-core-6.2.8.jar;C:\\Users\\1000y\\.gradle\\caches\\modules-2\\files-2.1\\org.xmlunit\\xmlunit-core\\2.10.2\\96f4a5350433f58b3e0e7d1b862bfcd52fc8da6b\\xmlunit-core-2.10.2.jar;C:\\Users\\1000y\\.gradle\\caches\\modules-2\\files-2.1\\org.springframework.boot\\spring-boot-starter-logging\\3.5.3\\7013c1aff95fd599eb291fe34924c59d1ea88c5b\\spring-boot-starter-logging-3.5.3.jar;C:\\Users\\1000y\\.gradle\\caches\\modules-2\\files-2.1\\jakarta.annotation\\jakarta.annotation-api\\2.1.1\\48b9bda22b091b1f48b13af03fe36db3be6e1ae3\\jakarta.annotation-api-2.1.1.jar;C:\\Users\\1000y\\.gradle\\caches\\modules-2\\files-2.1\\org.yaml\\snakeyaml\\2.4\\e0666b825b796f85521f02360e77f4c92c5a7a07\\snakeyaml-2.4.jar;C:\\Users\\1000y\\.gradle\\caches\\modules-2\\files-2.1\\com.zaxxer\\HikariCP\\6.3.0\\bebd113244c9d9926c6b792f28110ed6380cacc2\\HikariCP-6.3.0.jar;C:\\Users\\1000y\\.gradle\\caches\\modules-2\\files-2.1\\jakarta.persistence\\jakarta.persistence-api\\3.1.0\\66901fa1c373c6aff65c13791cc11da72060a8d6\\jakarta.persistence-api-3.1.0.jar;C:\\Users\\1000y\\.gradle\\caches\\modules-2\\files-2.1\\jakarta.transaction\\jakarta.transaction-api\\2.0.1\\51a520e3fae406abb84e2e1148e6746ce3f80a1a\\jakarta.transaction-api-2.0.1.jar;C:\\Users\\1000y\\.gradle\\caches\\modules-2\\files-2.1\\org.jboss.logging\\jboss-logging\\3.6.1.Final\\886afbb445b4016a37c8960a7aef6ebd769ce7e5\\jboss-logging-3.6.1.Final.jar;C:\\Users\\1000y\\.gradle\\caches\\modules-2\\files-2.1\\org.hibernate.common\\hibernate-commons-annotations\\7.0.3.Final\\e183c4be8bb41d12e9f19b374e00c34a0a85f439\\hibernate-commons-annotations-7.0.3.Final.jar;C:\\Users\\1000y\\.gradle\\caches\\modules-2\\files-2.1\\io.smallrye\\jandex\\3.2.0\\f17ad860f62a08487b9edabde608f8ac55c62fa7\\jandex-3.2.0.jar;C:\\Users\\1000y\\.gradle\\caches\\modules-2\\files-2.1\\com.fasterxml\\classmate\\1.7.0\\e98374da1f2143ac8e6e0a95036994bb19137a3\\classmate-1.7.0.jar;C:\\Users\\1000y\\.gradle\\caches\\modules-2\\files-2.1\\net.bytebuddy\\byte-buddy\\1.17.6\\8c70cbc6950b2ae5291a98d5003e06406d633803\\byte-buddy-1.17.6.jar;C:\\Users\\1000y\\.gradle\\caches\\modules-2\\files-2.1\\jakarta.inject\\jakarta.inject-api\\2.0.1\\4c28afe1991a941d7702fe1362c365f0a8641d1e\\jakarta.inject-api-2.0.1.jar;C:\\Users\\1000y\\.gradle\\caches\\modules-2\\files-2.1\\org.antlr\\antlr4-runtime\\4.13.0\\5a02e48521624faaf5ff4d99afc88b01686af655\\antlr4-runtime-4.13.0.jar;C:\\Users\\1000y\\.gradle\\caches\\modules-2\\files-2.1\\org.thymeleaf\\thymeleaf\\3.1.3.RELEASE\\51474f2a90b282ee97dabcd159c7faf24790f373\\thymeleaf-3.1.3.RELEASE.jar;C:\\Users\\1000y\\.gradle\\caches\\modules-2\\files-2.1\\ch.qos.logback\\logback-classic\\1.5.18\\fc371f3fc97a639de2d67947cffb7518ec5e3d40\\logback-classic-1.5.18.jar;C:\\Users\\1000y\\.gradle\\caches\\modules-2\\files-2.1\\org.apache.logging.log4j\\log4j-to-slf4j\\2.24.3\\da1143e2a2531ee1c2d90baa98eb50a28a39d5a7\\log4j-to-slf4j-2.24.3.jar;C:\\Users\\1000y\\.gradle\\caches\\modules-2\\files-2.1\\org.slf4j\\jul-to-slf4j\\2.0.17\\524cb6ccc2b68a57604750e1ab8b13b5a786a6aa\\jul-to-slf4j-2.0.17.jar;C:\\Users\\1000y\\.gradle\\caches\\modules-2\\files-2.1\\org.slf4j\\slf4j-api\\2.0.17\\d9e58ac9c7779ba3bf8142aff6c830617a7fe60f\\slf4j-api-2.0.17.jar;C:\\Users\\1000y\\.gradle\\caches\\modules-2\\files-2.1\\org.aspectj\\aspectjweaver\\1.9.24\\9b5aeb0cea9f958b9c57fb80e62996e95a3e9379\\aspectjweaver-1.9.24.jar;C:\\Users\\1000y\\.gradle\\caches\\modules-2\\files-2.1\\com.fasterxml.jackson.datatype\\jackson-datatype-jsr310\\2.19.1\\e9df57105f3b0730040ad7f3a1b603684a3329f4\\jackson-datatype-jsr310-2.19.1.jar;C:\\Users\\1000y\\.gradle\\caches\\modules-2\\files-2.1\\com.fasterxml.jackson.module\\jackson-module-parameter-names\\2.19.1\\133a9dc4ff2413035dc7ca8a9aa6a1da3667ddfb\\jackson-module-parameter-names-2.19.1.jar;C:\\Users\\1000y\\.gradle\\caches\\modules-2\\files-2.1\\com.fasterxml.jackson.core\\jackson-annotations\\2.19.1\\37e4f0c5dba684e00137defdb04ad9df95920c44\\jackson-annotations-2.19.1.jar;C:\\Users\\1000y\\.gradle\\caches\\modules-2\\files-2.1\\com.fasterxml.jackson.core\\jackson-core\\2.19.1\\6e5a8cb8a6cada322497cefb7726657d98aaee15\\jackson-core-2.19.1.jar;C:\\Users\\1000y\\.gradle\\caches\\modules-2\\files-2.1\\com.fasterxml.jackson.datatype\\jackson-datatype-jdk8\\2.19.1\\eabbc99d0e146b1a7085fddd02568faf1d3b4ab1\\jackson-datatype-jdk8-2.19.1.jar;C:\\Users\\1000y\\.gradle\\caches\\modules-2\\files-2.1\\com.fasterxml.jackson.core\\jackson-databind\\2.19.1\\e8cb8e76faea3e0791165f5d3614fc45933b2ee0\\jackson-databind-2.19.1.jar;C:\\Users\\1000y\\.gradle\\caches\\modules-2\\files-2.1\\org.apache.tomcat.embed\\tomcat-embed-websocket\\10.1.42\\e47e420583a372feaece0dc9b8a9a63c4bfcd093\\tomcat-embed-websocket-10.1.42.jar;C:\\Users\\1000y\\.gradle\\caches\\modules-2\\files-2.1\\org.apache.tomcat.embed\\tomcat-embed-core\\10.1.42\\8906a203edef16fa6013635925bf9f5d1dbe5639\\tomcat-embed-core-10.1.42.jar;C:\\Users\\1000y\\.gradle\\caches\\modules-2\\files-2.1\\org.apache.tomcat.embed\\tomcat-embed-el\\10.1.42\\a82416ce2960c50ee8150c9229e058b826e070a8\\tomcat-embed-el-10.1.42.jar;C:\\Users\\1000y\\.gradle\\caches\\modules-2\\files-2.1\\io.micrometer\\micrometer-observation\\1.15.1\\3d0a62a46350707984e3600297cc8e08c4722399\\micrometer-observation-1.15.1.jar;C:\\Users\\1000y\\.gradle\\caches\\modules-2\\files-2.1\\org.eclipse.angus\\angus-activation\\2.0.2\\41f1e0ddd157c856926ed149ab837d110955a9fc\\angus-activation-2.0.2.jar;C:\\Users\\1000y\\.gradle\\caches\\modules-2\\files-2.1\\jakarta.activation\\jakarta.activation-api\\2.1.3\\fa165bd70cda600368eee31555222776a46b881f\\jakarta.activation-api-2.1.3.jar;C:\\Users\\1000y\\.gradle\\caches\\modules-2\\files-2.1\\net.minidev\\accessors-smart\\2.5.2\\ce16fd235cfee48e67eda33e684423bba09f7d07\\accessors-smart-2.5.2.jar;C:\\Users\\1000y\\.gradle\\caches\\modules-2\\files-2.1\\net.bytebuddy\\byte-buddy-agent\\1.17.6\\17b32fd9f57deef02842f7f05abc4ad8127fe34e\\byte-buddy-agent-1.17.6.jar;C:\\Users\\1000y\\.gradle\\caches\\modules-2\\files-2.1\\org.objenesis\\objenesis\\3.3\\1049c09f1de4331e8193e579448d0916d75b7631\\objenesis-3.3.jar;C:\\Users\\1000y\\.gradle\\caches\\modules-2\\files-2.1\\com.vaadin.external.google\\android-json\\0.0.20131108.vaadin1\\fa26d351fe62a6a17f5cda1287c1c6110dec413f\\android-json-0.0.20131108.vaadin1.jar;C:\\Users\\1000y\\.gradle\\caches\\modules-2\\files-2.1\\org.springframework\\spring-jcl\\6.2.8\\b806d8d270a8eebaca56f6b4dae8f627460b0d4e\\spring-jcl-6.2.8.jar;C:\\Users\\1000y\\.gradle\\caches\\modules-2\\files-2.1\\org.opentest4j\\opentest4j\\1.3.0\\152ea56b3a72f655d4fd677fc0ef2596c3dd5e6e\\opentest4j-1.3.0.jar;C:\\Users\\1000y\\.gradle\\caches\\modules-2\\files-2.1\\org.attoparser\\attoparser\\2.0.7.RELEASE\\e5d0e988d9124139d645bb5872b24dfa23e283cc\\attoparser-2.0.7.RELEASE.jar;C:\\Users\\1000y\\.gradle\\caches\\modules-2\\files-2.1\\org.unbescape\\unbescape\\1.1.6.RELEASE\\7b90360afb2b860e09e8347112800d12c12b2a13\\unbescape-1.1.6.RELEASE.jar;C:\\Users\\1000y\\.gradle\\caches\\modules-2\\files-2.1\\io.micrometer\\micrometer-commons\\1.15.1\\43cbe2327f4e3f5cbfda6be64418c66b9b62f4ec\\micrometer-commons-1.15.1.jar;C:\\Users\\1000y\\.gradle\\caches\\modules-2\\files-2.1\\org.ow2.asm\\asm\\9.7.1\\f0ed132a49244b042cd0e15702ab9f2ce3cc8436\\asm-9.7.1.jar;C:\\Users\\1000y\\.gradle\\caches\\modules-2\\files-2.1\\ch.qos.logback\\logback-core\\1.5.18\\6c0375624f6f36b4e089e2488ba21334a11ef13f\\logback-core-1.5.18.jar;C:\\Users\\1000y\\.gradle\\caches\\modules-2\\files-2.1\\org.apache.logging.log4j\\log4j-api\\2.24.3\\b02c125db8b6d295adf72ae6e71af5d83bce2370\\log4j-api-2.24.3.jar;C:\\Users\\1000y\\.gradle\\caches\\modules-2\\files-2.1\\org.glassfish.jaxb\\txw2\\4.0.5\\f36a4ef12120a9bb06d766d6a0e54b144fd7ed98\\txw2-4.0.5.jar;C:\\Users\\1000y\\.gradle\\caches\\modules-2\\files-2.1\\com.sun.istack\\istack-commons-runtime\\4.1.2\\18ec117c85f3ba0ac65409136afa8e42bc74e739\\istack-commons-runtime-4.1.2.jar
Launcher Type: SUN_STANDARD

[Global flags]
     intx CICompilerCount                          = 3                                         {product} {ergonomic}
     uint ConcGCThreads                            = 1                                         {product} {ergonomic}
     uint G1ConcRefinementThreads                  = 4                                         {product} {ergonomic}
   size_t G1HeapRegionSize                         = 1048576                                   {product} {ergonomic}
   size_t InitialHeapSize                          = 134217728                                 {product} {ergonomic}
   size_t MarkStackSize                            = 4194304                                   {product} {ergonomic}
   size_t MarkStackSizeMax                         = 536870912                                 {product} {ergonomic}
   size_t MaxHeapSize                              = 536870912                                 {product} {command line}
   size_t MinHeapDeltaBytes                        = 1048576                                   {product} {ergonomic}
   size_t MinHeapSize                              = 8388608                                   {product} {ergonomic}
    uintx NonNMethodCodeHeapSize                   = 5832704                                {pd product} {ergonomic}
    uintx NonProfiledCodeHeapSize                  = 122945536                              {pd product} {ergonomic}
    uintx ProfiledCodeHeapSize                     = 122880000                              {pd product} {ergonomic}
    uintx ReservedCodeCacheSize                    = 251658240                              {pd product} {ergonomic}
     bool SegmentedCodeCache                       = true                                      {product} {ergonomic}
   size_t SoftMaxHeapSize                          = 536870912                              {manageable} {ergonomic}
     bool UseCompressedOops                        = true                           {product lp64_product} {ergonomic}
     bool UseG1GC                                  = true                                      {product} {ergonomic}
     bool UseLargePagesIndividualAllocation        = false                                  {pd product} {ergonomic}

Logging:
Log output configuration:
 #0: stdout all=warning uptime,level,tags foldmultilines=false
 #1: stderr all=off uptime,level,tags foldmultilines=false

Environment Variables:
JAVA_HOME=C:\Program Files\Java\jdk-11.0.15\jdk1.8.0_91
CLASSPATH=C:\Program Files\Apache Software Foundation\Tomcat 9.0\lib\servlet-api.jar;C:\Program Files\Apache Software Foundation\Tomcat 8.0\lib\servlet-api.jar;.;C:\Program Files\Java\jdk-11.0.15\jdk1.8.0_91\lib\tools.ja;
PATH=C:\Program Files\Common Files\Oracle\Java\javapath;C:\Program Files (x86)\Common Files\Oracle\Java\javapath;C:\ProgramData\Oracle\Java\javapath;C:\oraclexe\app\oracle\product\11.2.0\server\bin;C:\Program Files\Java\jdk-11.0.15\jdk1.8.0_91\bin;C:\Program Files\OpenVPN\bin;C:\WINDOWS\system32;C:\WINDOWS;C:\WINDOWS\System32\Wbem;C:\WINDOWS\System32\WindowsPowerShell\v1.0\;C:\WINDOWS\System32\OpenSSH\;C:\Users\1000y\AppData\Local\Microsoft\WindowsApps;C:\Users\1000y\AppData\Local\Programs\Git\cmd
USERNAME=1000y
OS=Windows_NT
PROCESSOR_IDENTIFIER=Intel64 Family 6 Model 69 Stepping 1, GenuineIntel
TMP=C:\Users\1000y\AppData\Local\Temp
TEMP=C:\Users\1000y\AppData\Local\Temp




Periodic native trim disabled

---------------  S Y S T E M  ---------------

OS:
 Windows 10 , 64 bit Build 19041 (10.0.19041.5915)
OS uptime: 0 days 8:42 hours

CPU: total 4 (initial active 4) (2 cores per cpu, 2 threads per core) family 6 model 69 stepping 1 microcode 0x25, cx8, cmov, fxsr, ht, mmx, sse, sse2, sse3, ssse3, sse4.1, sse4.2, popcnt, lzcnt, tsc, tscinvbit, avx, avx2, aes, erms, clmul, bmi1, bmi2, fma, vzeroupper, clflush, rdtscp, f16c
Processor Information for the first 4 processors :
  Max Mhz: 2301, Current Mhz: 1600, Mhz Limit: 1587

Memory: 4k page, system-wide physical 8104M (970M free)
TotalPageFile size 10004M (AvailPageFile size 124M)
current process WorkingSet (physical memory assigned to process): 12M, peak: 12M
current process commit charge ("private bytes"): 52M, peak: 179M

vm_info: OpenJDK 64-Bit Server VM (24.0.1+9-30) for windows-amd64 JRE (24.0.1+9-30), built on 2025-03-05T07:23:45Z with MS VC++ 17.6 (VS2022)

END.
