#
# There is insufficient memory for the Java Runtime Environment to continue.
# Native memory allocation (malloc) failed to allocate 2322832 bytes. Error detail: Chunk::new
# Possible reasons:
#   The system is out of physical RAM or swap space
#   This process is running with CompressedOops enabled, and the Java Heap may be blocking the growth of the native heap
# Possible solutions:
#   Reduce memory load on the system
#   Increase physical memory or swap space
#   Check if swap backing store is full
#   Decrease Java heap size (-Xmx/-Xms)
#   Decrease number of Java threads
#   Decrease Java thread stack sizes (-Xss)
#   Set larger code cache with -XX:ReservedCodeCacheSize=
#   JVM is running with Unscaled Compressed Oops mode in which the Java heap is
#     placed in the first 4GB address space. The Java Heap base address is the
#     maximum limit for the native heap growth. Please use -XX:HeapBaseMinAddress
#     to set the Java Heap base and to place the Java Heap above 4GB virtual address.
# This output file may be truncated or incomplete.
#
#  Out of Memory Error (arena.cpp:162), pid=17884, tid=19688
#
# JRE version: OpenJDK Runtime Environment (24.0.1+9) (build 24.0.1+9-30)
# Java VM: OpenJDK 64-Bit Server VM (24.0.1+9-30, mixed mode, sharing, tiered, compressed oops, compressed class ptrs, g1 gc, windows-amd64)
# No core dump will be written. Minidumps are not enabled by default on client versions of Windows
#

---------------  S U M M A R Y ------------

Command Line: --add-opens=java.base/java.lang=ALL-UNNAMED --add-opens=java.base/java.lang.invoke=ALL-UNNAMED --add-opens=java.base/java.util=ALL-UNNAMED --add-opens=java.prefs/java.util.prefs=ALL-UNNAMED --add-exports=jdk.compiler/com.sun.tools.javac.api=ALL-UNNAMED --add-exports=jdk.compiler/com.sun.tools.javac.util=ALL-UNNAMED --add-opens=java.base/java.util=ALL-UNNAMED --add-opens=java.prefs/java.util.prefs=ALL-UNNAMED --add-opens=java.base/java.nio.charset=ALL-UNNAMED --add-opens=java.base/java.net=ALL-UNNAMED --add-opens=java.base/java.util.concurrent.atomic=ALL-UNNAMED --add-opens=java.xml/javax.xml.namespace=ALL-UNNAMED --enable-native-access=ALL-UNNAMED -XX:MaxMetaspaceSize=384m -XX:+HeapDumpOnOutOfMemoryError -Xms256m -Xmx512m -Dfile.encoding=UTF-8 -Duser.country=KR -Duser.language=ko -Duser.variant -javaagent:C:\Users\1000y\.gradle\wrapper\dists\gradle-8.14.3-bin\cv11ve7ro1n3o1j4so8xd9n66\gradle-8.14.3\lib\agents\gradle-instrumentation-agent-8.14.3.jar org.gradle.launcher.daemon.bootstrap.GradleDaemon 8.14.3

Host: Intel(R) Core(TM) i5-4200U CPU @ 1.60GHz, 4 cores, 7G,  Windows 10 , 64 bit Build 19041 (10.0.19041.5915)
Time: Thu Jul 24 18:12:54 2025  Windows 10 , 64 bit Build 19041 (10.0.19041.5915) elapsed time: 13.857502 seconds (0d 0h 0m 13s)

---------------  T H R E A D  ---------------

Current thread (0x00000256a969d2f0):  JavaThread "C2 CompilerThread0" daemon [_thread_in_native, id=19688, stack(0x000000d51c100000,0x000000d51c200000) (1024K)]


Current CompileTask:
C2:13858 2876   !   4       java.lang.ClassLoader::loadClass (121 bytes)

Stack: [0x000000d51c100000,0x000000d51c200000]
Native frames: (J=compiled Java code, j=interpreted, Vv=VM code, C=native code)
V  [jvm.dll+0x730739]  (no source info available)
V  [jvm.dll+0x8d9b23]  (no source info available)
V  [jvm.dll+0x8dc00d]  (no source info available)
V  [jvm.dll+0x8dc683]  (no source info available)
V  [jvm.dll+0x2aa086]  (no source info available)
V  [jvm.dll+0xcedef]  (no source info available)
V  [jvm.dll+0xcf04f]  (no source info available)
V  [jvm.dll+0x3f373c]  (no source info available)
V  [jvm.dll+0x206085]  (no source info available)
V  [jvm.dll+0x26f7f0]  (no source info available)
V  [jvm.dll+0x26ea3f]  (no source info available)
V  [jvm.dll+0x1e9d60]  (no source info available)
V  [jvm.dll+0x27e1fb]  (no source info available)
V  [jvm.dll+0x27c49a]  (no source info available)
V  [jvm.dll+0x42f456]  (no source info available)
V  [jvm.dll+0x87d76b]  (no source info available)
V  [jvm.dll+0x72ee55]  (no source info available)
C  [ucrtbase.dll+0x21bb2]  (no source info available)
C  [KERNEL32.DLL+0x17374]  (no source info available)
C  [ntdll.dll+0x4cc91]  (no source info available)

Lock stack of current Java thread (top to bottom):


---------------  P R O C E S S  ---------------

Threads class SMR info:
_java_thread_list=0x00000256c57e0be0, length=25, elements={
0x000002568ede1f30, 0x00000256a96937f0, 0x00000256a96956b0, 0x00000256a96982f0,
0x00000256a9698e20, 0x00000256a9699950, 0x00000256a969a480, 0x00000256a969d2f0,
0x00000256a96ba6b0, 0x00000256a9872ae0, 0x00000256a9868eb0, 0x00000256c44ecc30,
0x00000256c48bcb10, 0x00000256a97cad40, 0x00000256c47c9cd0, 0x00000256a97c0c20,
0x00000256a97beee0, 0x00000256a97be790, 0x00000256a97bd8f0, 0x00000256a97bf630,
0x00000256a97bfd80, 0x00000256a97be040, 0x00000256a97c04d0, 0x00000256c4b43c10,
0x00000256c5155d30
}

Java Threads: ( => current thread )
  0x000002568ede1f30 JavaThread "main"                              [_thread_blocked, id=6812, stack(0x000000d51b300000,0x000000d51b400000) (1024K)]
  0x00000256a96937f0 JavaThread "Reference Handler"          daemon [_thread_blocked, id=4288, stack(0x000000d51bb00000,0x000000d51bc00000) (1024K)]
  0x00000256a96956b0 JavaThread "Finalizer"                  daemon [_thread_blocked, id=8436, stack(0x000000d51bc00000,0x000000d51bd00000) (1024K)]
  0x00000256a96982f0 JavaThread "Signal Dispatcher"          daemon [_thread_blocked, id=14068, stack(0x000000d51bd00000,0x000000d51be00000) (1024K)]
  0x00000256a9698e20 JavaThread "Attach Listener"            daemon [_thread_blocked, id=3532, stack(0x000000d51be00000,0x000000d51bf00000) (1024K)]
  0x00000256a9699950 JavaThread "Service Thread"             daemon [_thread_blocked, id=10772, stack(0x000000d51bf00000,0x000000d51c000000) (1024K)]
  0x00000256a969a480 JavaThread "Monitor Deflation Thread"   daemon [_thread_blocked, id=13392, stack(0x000000d51c000000,0x000000d51c100000) (1024K)]
=>0x00000256a969d2f0 JavaThread "C2 CompilerThread0"         daemon [_thread_in_native, id=19688, stack(0x000000d51c100000,0x000000d51c200000) (1024K)]
  0x00000256a96ba6b0 JavaThread "C1 CompilerThread0"         daemon [_thread_blocked, id=4964, stack(0x000000d51c200000,0x000000d51c300000) (1024K)]
  0x00000256a9872ae0 JavaThread "Common-Cleaner"             daemon [_thread_blocked, id=21064, stack(0x000000d51c300000,0x000000d51c400000) (1024K)]
  0x00000256a9868eb0 JavaThread "Notification Thread"        daemon [_thread_blocked, id=8100, stack(0x000000d51c400000,0x000000d51c500000) (1024K)]
  0x00000256c44ecc30 JavaThread "Daemon health stats"               [_thread_blocked, id=16468, stack(0x000000d51c800000,0x000000d51c900000) (1024K)]
  0x00000256c48bcb10 JavaThread "Incoming local TCP Connector on port 51793"        [_thread_in_native, id=11972, stack(0x000000d51ca00000,0x000000d51cb00000) (1024K)]
  0x00000256a97cad40 JavaThread "Daemon periodic checks"            [_thread_blocked, id=19184, stack(0x000000d51cb00000,0x000000d51cc00000) (1024K)]
  0x00000256c47c9cd0 JavaThread "Daemon"                            [_thread_blocked, id=11748, stack(0x000000d51cc00000,0x000000d51cd00000) (1024K)]
  0x00000256a97c0c20 JavaThread "Handler for socket connection from /127.0.0.1:51793 to /127.0.0.1:51796"        [_thread_in_native, id=12976, stack(0x000000d51cd00000,0x000000d51ce00000) (1024K)]
  0x00000256a97beee0 JavaThread "Cancel handler"                    [_thread_blocked, id=14656, stack(0x000000d51ce00000,0x000000d51cf00000) (1024K)]
  0x00000256a97be790 JavaThread "Daemon worker"                     [_thread_in_native, id=1900, stack(0x000000d51c900000,0x000000d51ca00000) (1024K)]
  0x00000256a97bd8f0 JavaThread "Asynchronous log dispatcher for DefaultDaemonConnection: socket connection from /127.0.0.1:51793 to /127.0.0.1:51796"        [_thread_blocked, id=20144, stack(0x000000d51cf00000,0x000000d51d000000) (1024K)]
  0x00000256a97bf630 JavaThread "Stdin handler"                     [_thread_blocked, id=11496, stack(0x000000d51d000000,0x000000d51d100000) (1024K)]
  0x00000256a97bfd80 JavaThread "Daemon client event forwarder"        [_thread_blocked, id=12952, stack(0x000000d51d100000,0x000000d51d200000) (1024K)]
  0x00000256a97be040 JavaThread "Cache worker for journal cache (C:\Users\1000y\.gradle\caches\journal-1)"        [_thread_blocked, id=12480, stack(0x000000d51d200000,0x000000d51d300000) (1024K)]
  0x00000256a97c04d0 JavaThread "File lock request listener"        [_thread_in_native, id=16272, stack(0x000000d51d300000,0x000000d51d400000) (1024K)]
  0x00000256c4b43c10 JavaThread "Cache worker for file hash cache (C:\Users\1000y\.gradle\caches\8.14.3\fileHashes)"        [_thread_blocked, id=19380, stack(0x000000d51d400000,0x000000d51d500000) (1024K)]
  0x00000256c5155d30 JavaThread "C2 CompilerThread1"         daemon [_thread_in_native, id=6556, stack(0x000000d51d500000,0x000000d51d600000) (1024K)]
Total: 25

Other Threads:
  0x00000256a9680e80 VMThread "VM Thread"                           [id=15060, stack(0x000000d51ba00000,0x000000d51bb00000) (1024K)]
  0x00000256a9675620 WatcherThread "VM Periodic Task Thread"        [id=18312, stack(0x000000d51b900000,0x000000d51ba00000) (1024K)]
  0x000002568ee0bfd0 WorkerThread "GC Thread#0"                     [id=13060, stack(0x000000d51b400000,0x000000d51b500000) (1024K)]
  0x00000256c38da440 WorkerThread "GC Thread#1"                     [id=11316, stack(0x000000d51c500000,0x000000d51c600000) (1024K)]
  0x00000256c3490b20 WorkerThread "GC Thread#2"                     [id=13944, stack(0x000000d51c600000,0x000000d51c700000) (1024K)]
  0x00000256c3490ed0 WorkerThread "GC Thread#3"                     [id=15404, stack(0x000000d51c700000,0x000000d51c800000) (1024K)]
  0x000002568ee12020 ConcurrentGCThread "G1 Main Marker"            [id=14328, stack(0x000000d51b500000,0x000000d51b600000) (1024K)]
  0x000002568ee12b30 WorkerThread "G1 Conc#0"                       [id=12900, stack(0x000000d51b600000,0x000000d51b700000) (1024K)]
  0x000002568eeae700 ConcurrentGCThread "G1 Refine#0"               [id=21184, stack(0x000000d51b700000,0x000000d51b800000) (1024K)]
  0x00000256a954a4b0 ConcurrentGCThread "G1 Service"                [id=16744, stack(0x000000d51b800000,0x000000d51b900000) (1024K)]
Total: 10

Threads with active compile tasks:
C2 CompilerThread0  14552 2876   !   4       java.lang.ClassLoader::loadClass (121 bytes)
C2 CompilerThread1  14552 2974       4       jdk.internal.classfile.impl.StackMapGenerator::processBlock (2767 bytes)
Total: 2

VM state: not at safepoint (normal execution)

VM Mutex/Monitor currently owned by a thread: None

Heap address: 0x00000000e0000000, size: 512 MB, Compressed Oops mode: 32-bit

CDS archive(s) mapped at: [0x00000256aa000000-0x00000256aad40000-0x00000256aad40000), size 13893632, SharedBaseAddress: 0x00000256aa000000, ArchiveRelocationMode: 1.
Compressed class space mapped at: 0x00000256ab000000-0x00000256bf000000, reserved size: 335544320
UseCompressedClassPointers 1, UseCompactObjectHeaders 0
Narrow klass pointer bits 32, Max shift 3
Narrow klass base: 0x00000256aa000000, Narrow klass shift: 0
Encoding Range: [0x00000256aa000000 - 0x00000257aa000000), (4294967296 bytes)
Klass Range:    [0x00000256aa000000 - 0x00000256bf000000), (352321536 bytes)
Klass ID Range:  [8 - 352321529) (352321521)

GC Precious Log:
 CardTable entry size: 512
 Card Set container configuration: InlinePtr #cards 5 size 8 Array Of Cards #cards 10 size 36 Howl #buckets 4 coarsen threshold 1843 Howl Bitmap #cards 512 size 80 coarsen threshold 460 Card regions per heap region 1 cards per card region 2048
 CPUs: 4 total, 4 available
 Memory: 8104M
 Large Page Support: Disabled
 NUMA Support: Disabled
 Compressed Oops: Enabled (32-bit)
 Heap Region Size: 1M
 Heap Min Capacity: 256M
 Heap Initial Capacity: 256M
 Heap Max Capacity: 512M
 Pre-touch: Disabled
 Parallel Workers: 4
 Concurrent Workers: 1
 Concurrent Refinement Workers: 4
 Periodic GC: Disabled

Heap:
 garbage-first heap   total reserved 524288K, committed 264192K, used 77491K [0x00000000e0000000, 0x0000000100000000)
  region size 1024K, 70 young (71680K), 14 survivors (14336K)
 Metaspace       used 19566K, committed 20224K, reserved 393216K
  class space    used 2124K, committed 2432K, reserved 327680K

Heap Regions: E=young(eden), S=young(survivor), O=old, HS=humongous(starts), HC=humongous(continues), CS=collection set, F=free, TAMS=top-at-mark-start, PB=parsable bottom
|   0|0x00000000e0000000, 0x00000000e0100000, 0x00000000e0100000|100%| O|  |TAMS 0x00000000e0000000| PB 0x00000000e0000000| Untracked |  0
|   1|0x00000000e0100000, 0x00000000e0190d30, 0x00000000e0200000| 56%| O|  |TAMS 0x00000000e0100000| PB 0x00000000e0100000| Untracked |  0
|   2|0x00000000e0200000, 0x00000000e0300000, 0x00000000e0300000|100%|HS|  |TAMS 0x00000000e0200000| PB 0x00000000e0200000| Complete |  0
|   3|0x00000000e0300000, 0x00000000e0400000, 0x00000000e0400000|100%|HC|  |TAMS 0x00000000e0300000| PB 0x00000000e0300000| Complete |  0
|   4|0x00000000e0400000, 0x00000000e0500000, 0x00000000e0500000|100%|HC|  |TAMS 0x00000000e0400000| PB 0x00000000e0400000| Complete |  0
|   5|0x00000000e0500000, 0x00000000e0600000, 0x00000000e0600000|100%|HS|  |TAMS 0x00000000e0500000| PB 0x00000000e0500000| Complete |  0
|   6|0x00000000e0600000, 0x00000000e0600000, 0x00000000e0700000|  0%| F|  |TAMS 0x00000000e0600000| PB 0x00000000e0600000| Untracked |  0
|   7|0x00000000e0700000, 0x00000000e0700000, 0x00000000e0800000|  0%| F|  |TAMS 0x00000000e0700000| PB 0x00000000e0700000| Untracked |  0
|   8|0x00000000e0800000, 0x00000000e0800000, 0x00000000e0900000|  0%| F|  |TAMS 0x00000000e0800000| PB 0x00000000e0800000| Untracked |  0
|   9|0x00000000e0900000, 0x00000000e0900000, 0x00000000e0a00000|  0%| F|  |TAMS 0x00000000e0900000| PB 0x00000000e0900000| Untracked |  0
|  10|0x00000000e0a00000, 0x00000000e0a00000, 0x00000000e0b00000|  0%| F|  |TAMS 0x00000000e0a00000| PB 0x00000000e0a00000| Untracked |  0
|  11|0x00000000e0b00000, 0x00000000e0b00000, 0x00000000e0c00000|  0%| F|  |TAMS 0x00000000e0b00000| PB 0x00000000e0b00000| Untracked |  0
|  12|0x00000000e0c00000, 0x00000000e0c00000, 0x00000000e0d00000|  0%| F|  |TAMS 0x00000000e0c00000| PB 0x00000000e0c00000| Untracked |  0
|  13|0x00000000e0d00000, 0x00000000e0d00000, 0x00000000e0e00000|  0%| F|  |TAMS 0x00000000e0d00000| PB 0x00000000e0d00000| Untracked |  0
|  14|0x00000000e0e00000, 0x00000000e0e00000, 0x00000000e0f00000|  0%| F|  |TAMS 0x00000000e0e00000| PB 0x00000000e0e00000| Untracked |  0
|  15|0x00000000e0f00000, 0x00000000e0f00000, 0x00000000e1000000|  0%| F|  |TAMS 0x00000000e0f00000| PB 0x00000000e0f00000| Untracked |  0
|  16|0x00000000e1000000, 0x00000000e1000000, 0x00000000e1100000|  0%| F|  |TAMS 0x00000000e1000000| PB 0x00000000e1000000| Untracked |  0
|  17|0x00000000e1100000, 0x00000000e1100000, 0x00000000e1200000|  0%| F|  |TAMS 0x00000000e1100000| PB 0x00000000e1100000| Untracked |  0
|  18|0x00000000e1200000, 0x00000000e1200000, 0x00000000e1300000|  0%| F|  |TAMS 0x00000000e1200000| PB 0x00000000e1200000| Untracked |  0
|  19|0x00000000e1300000, 0x00000000e1300000, 0x00000000e1400000|  0%| F|  |TAMS 0x00000000e1300000| PB 0x00000000e1300000| Untracked |  0
|  20|0x00000000e1400000, 0x00000000e1400000, 0x00000000e1500000|  0%| F|  |TAMS 0x00000000e1400000| PB 0x00000000e1400000| Untracked |  0
|  21|0x00000000e1500000, 0x00000000e1500000, 0x00000000e1600000|  0%| F|  |TAMS 0x00000000e1500000| PB 0x00000000e1500000| Untracked |  0
|  22|0x00000000e1600000, 0x00000000e1600000, 0x00000000e1700000|  0%| F|  |TAMS 0x00000000e1600000| PB 0x00000000e1600000| Untracked |  0
|  23|0x00000000e1700000, 0x00000000e1700000, 0x00000000e1800000|  0%| F|  |TAMS 0x00000000e1700000| PB 0x00000000e1700000| Untracked |  0
|  24|0x00000000e1800000, 0x00000000e1800000, 0x00000000e1900000|  0%| F|  |TAMS 0x00000000e1800000| PB 0x00000000e1800000| Untracked |  0
|  25|0x00000000e1900000, 0x00000000e1900000, 0x00000000e1a00000|  0%| F|  |TAMS 0x00000000e1900000| PB 0x00000000e1900000| Untracked |  0
|  26|0x00000000e1a00000, 0x00000000e1a00000, 0x00000000e1b00000|  0%| F|  |TAMS 0x00000000e1a00000| PB 0x00000000e1a00000| Untracked |  0
|  27|0x00000000e1b00000, 0x00000000e1b00000, 0x00000000e1c00000|  0%| F|  |TAMS 0x00000000e1b00000| PB 0x00000000e1b00000| Untracked |  0
|  28|0x00000000e1c00000, 0x00000000e1c00000, 0x00000000e1d00000|  0%| F|  |TAMS 0x00000000e1c00000| PB 0x00000000e1c00000| Untracked |  0
|  29|0x00000000e1d00000, 0x00000000e1d00000, 0x00000000e1e00000|  0%| F|  |TAMS 0x00000000e1d00000| PB 0x00000000e1d00000| Untracked |  0
|  30|0x00000000e1e00000, 0x00000000e1e00000, 0x00000000e1f00000|  0%| F|  |TAMS 0x00000000e1e00000| PB 0x00000000e1e00000| Untracked |  0
|  31|0x00000000e1f00000, 0x00000000e1f00000, 0x00000000e2000000|  0%| F|  |TAMS 0x00000000e1f00000| PB 0x00000000e1f00000| Untracked |  0
|  32|0x00000000e2000000, 0x00000000e2000000, 0x00000000e2100000|  0%| F|  |TAMS 0x00000000e2000000| PB 0x00000000e2000000| Untracked |  0
|  33|0x00000000e2100000, 0x00000000e2100000, 0x00000000e2200000|  0%| F|  |TAMS 0x00000000e2100000| PB 0x00000000e2100000| Untracked |  0
|  34|0x00000000e2200000, 0x00000000e2200000, 0x00000000e2300000|  0%| F|  |TAMS 0x00000000e2200000| PB 0x00000000e2200000| Untracked |  0
|  35|0x00000000e2300000, 0x00000000e2300000, 0x00000000e2400000|  0%| F|  |TAMS 0x00000000e2300000| PB 0x00000000e2300000| Untracked |  0
|  36|0x00000000e2400000, 0x00000000e2400000, 0x00000000e2500000|  0%| F|  |TAMS 0x00000000e2400000| PB 0x00000000e2400000| Untracked |  0
|  37|0x00000000e2500000, 0x00000000e2500000, 0x00000000e2600000|  0%| F|  |TAMS 0x00000000e2500000| PB 0x00000000e2500000| Untracked |  0
|  38|0x00000000e2600000, 0x00000000e2600000, 0x00000000e2700000|  0%| F|  |TAMS 0x00000000e2600000| PB 0x00000000e2600000| Untracked |  0
|  39|0x00000000e2700000, 0x00000000e2700000, 0x00000000e2800000|  0%| F|  |TAMS 0x00000000e2700000| PB 0x00000000e2700000| Untracked |  0
|  40|0x00000000e2800000, 0x00000000e2800000, 0x00000000e2900000|  0%| F|  |TAMS 0x00000000e2800000| PB 0x00000000e2800000| Untracked |  0
|  41|0x00000000e2900000, 0x00000000e2900000, 0x00000000e2a00000|  0%| F|  |TAMS 0x00000000e2900000| PB 0x00000000e2900000| Untracked |  0
|  42|0x00000000e2a00000, 0x00000000e2a00000, 0x00000000e2b00000|  0%| F|  |TAMS 0x00000000e2a00000| PB 0x00000000e2a00000| Untracked |  0
|  43|0x00000000e2b00000, 0x00000000e2b00000, 0x00000000e2c00000|  0%| F|  |TAMS 0x00000000e2b00000| PB 0x00000000e2b00000| Untracked |  0
|  44|0x00000000e2c00000, 0x00000000e2c00000, 0x00000000e2d00000|  0%| F|  |TAMS 0x00000000e2c00000| PB 0x00000000e2c00000| Untracked |  0
|  45|0x00000000e2d00000, 0x00000000e2d00000, 0x00000000e2e00000|  0%| F|  |TAMS 0x00000000e2d00000| PB 0x00000000e2d00000| Untracked |  0
|  46|0x00000000e2e00000, 0x00000000e2e00000, 0x00000000e2f00000|  0%| F|  |TAMS 0x00000000e2e00000| PB 0x00000000e2e00000| Untracked |  0
|  47|0x00000000e2f00000, 0x00000000e2f00000, 0x00000000e3000000|  0%| F|  |TAMS 0x00000000e2f00000| PB 0x00000000e2f00000| Untracked |  0
|  48|0x00000000e3000000, 0x00000000e3000000, 0x00000000e3100000|  0%| F|  |TAMS 0x00000000e3000000| PB 0x00000000e3000000| Untracked |  0
|  49|0x00000000e3100000, 0x00000000e3100000, 0x00000000e3200000|  0%| F|  |TAMS 0x00000000e3100000| PB 0x00000000e3100000| Untracked |  0
|  50|0x00000000e3200000, 0x00000000e3200000, 0x00000000e3300000|  0%| F|  |TAMS 0x00000000e3200000| PB 0x00000000e3200000| Untracked |  0
|  51|0x00000000e3300000, 0x00000000e3300000, 0x00000000e3400000|  0%| F|  |TAMS 0x00000000e3300000| PB 0x00000000e3300000| Untracked |  0
|  52|0x00000000e3400000, 0x00000000e3400000, 0x00000000e3500000|  0%| F|  |TAMS 0x00000000e3400000| PB 0x00000000e3400000| Untracked |  0
|  53|0x00000000e3500000, 0x00000000e3500000, 0x00000000e3600000|  0%| F|  |TAMS 0x00000000e3500000| PB 0x00000000e3500000| Untracked |  0
|  54|0x00000000e3600000, 0x00000000e3600000, 0x00000000e3700000|  0%| F|  |TAMS 0x00000000e3600000| PB 0x00000000e3600000| Untracked |  0
|  55|0x00000000e3700000, 0x00000000e3700000, 0x00000000e3800000|  0%| F|  |TAMS 0x00000000e3700000| PB 0x00000000e3700000| Untracked |  0
|  56|0x00000000e3800000, 0x00000000e3800000, 0x00000000e3900000|  0%| F|  |TAMS 0x00000000e3800000| PB 0x00000000e3800000| Untracked |  0
|  57|0x00000000e3900000, 0x00000000e3900000, 0x00000000e3a00000|  0%| F|  |TAMS 0x00000000e3900000| PB 0x00000000e3900000| Untracked |  0
|  58|0x00000000e3a00000, 0x00000000e3a00000, 0x00000000e3b00000|  0%| F|  |TAMS 0x00000000e3a00000| PB 0x00000000e3a00000| Untracked |  0
|  59|0x00000000e3b00000, 0x00000000e3b00000, 0x00000000e3c00000|  0%| F|  |TAMS 0x00000000e3b00000| PB 0x00000000e3b00000| Untracked |  0
|  60|0x00000000e3c00000, 0x00000000e3c00000, 0x00000000e3d00000|  0%| F|  |TAMS 0x00000000e3c00000| PB 0x00000000e3c00000| Untracked |  0
|  61|0x00000000e3d00000, 0x00000000e3d00000, 0x00000000e3e00000|  0%| F|  |TAMS 0x00000000e3d00000| PB 0x00000000e3d00000| Untracked |  0
|  62|0x00000000e3e00000, 0x00000000e3e00000, 0x00000000e3f00000|  0%| F|  |TAMS 0x00000000e3e00000| PB 0x00000000e3e00000| Untracked |  0
|  63|0x00000000e3f00000, 0x00000000e3f00000, 0x00000000e4000000|  0%| F|  |TAMS 0x00000000e3f00000| PB 0x00000000e3f00000| Untracked |  0
|  64|0x00000000e4000000, 0x00000000e4000000, 0x00000000e4100000|  0%| F|  |TAMS 0x00000000e4000000| PB 0x00000000e4000000| Untracked |  0
|  65|0x00000000e4100000, 0x00000000e4100000, 0x00000000e4200000|  0%| F|  |TAMS 0x00000000e4100000| PB 0x00000000e4100000| Untracked |  0
|  66|0x00000000e4200000, 0x00000000e4200000, 0x00000000e4300000|  0%| F|  |TAMS 0x00000000e4200000| PB 0x00000000e4200000| Untracked |  0
|  67|0x00000000e4300000, 0x00000000e4300000, 0x00000000e4400000|  0%| F|  |TAMS 0x00000000e4300000| PB 0x00000000e4300000| Untracked |  0
|  68|0x00000000e4400000, 0x00000000e4400000, 0x00000000e4500000|  0%| F|  |TAMS 0x00000000e4400000| PB 0x00000000e4400000| Untracked |  0
|  69|0x00000000e4500000, 0x00000000e4500000, 0x00000000e4600000|  0%| F|  |TAMS 0x00000000e4500000| PB 0x00000000e4500000| Untracked |  0
|  70|0x00000000e4600000, 0x00000000e4600000, 0x00000000e4700000|  0%| F|  |TAMS 0x00000000e4600000| PB 0x00000000e4600000| Untracked |  0
|  71|0x00000000e4700000, 0x00000000e4700000, 0x00000000e4800000|  0%| F|  |TAMS 0x00000000e4700000| PB 0x00000000e4700000| Untracked |  0
|  72|0x00000000e4800000, 0x00000000e4800000, 0x00000000e4900000|  0%| F|  |TAMS 0x00000000e4800000| PB 0x00000000e4800000| Untracked |  0
|  73|0x00000000e4900000, 0x00000000e4900000, 0x00000000e4a00000|  0%| F|  |TAMS 0x00000000e4900000| PB 0x00000000e4900000| Untracked |  0
|  74|0x00000000e4a00000, 0x00000000e4a00000, 0x00000000e4b00000|  0%| F|  |TAMS 0x00000000e4a00000| PB 0x00000000e4a00000| Untracked |  0
|  75|0x00000000e4b00000, 0x00000000e4b00000, 0x00000000e4c00000|  0%| F|  |TAMS 0x00000000e4b00000| PB 0x00000000e4b00000| Untracked |  0
|  76|0x00000000e4c00000, 0x00000000e4c00000, 0x00000000e4d00000|  0%| F|  |TAMS 0x00000000e4c00000| PB 0x00000000e4c00000| Untracked |  0
|  77|0x00000000e4d00000, 0x00000000e4d00000, 0x00000000e4e00000|  0%| F|  |TAMS 0x00000000e4d00000| PB 0x00000000e4d00000| Untracked |  0
|  78|0x00000000e4e00000, 0x00000000e4e00000, 0x00000000e4f00000|  0%| F|  |TAMS 0x00000000e4e00000| PB 0x00000000e4e00000| Untracked |  0
|  79|0x00000000e4f00000, 0x00000000e4f00000, 0x00000000e5000000|  0%| F|  |TAMS 0x00000000e4f00000| PB 0x00000000e4f00000| Untracked |  0
|  80|0x00000000e5000000, 0x00000000e5000000, 0x00000000e5100000|  0%| F|  |TAMS 0x00000000e5000000| PB 0x00000000e5000000| Untracked |  0
|  81|0x00000000e5100000, 0x00000000e5100000, 0x00000000e5200000|  0%| F|  |TAMS 0x00000000e5100000| PB 0x00000000e5100000| Untracked |  0
|  82|0x00000000e5200000, 0x00000000e5200000, 0x00000000e5300000|  0%| F|  |TAMS 0x00000000e5200000| PB 0x00000000e5200000| Untracked |  0
|  83|0x00000000e5300000, 0x00000000e5300000, 0x00000000e5400000|  0%| F|  |TAMS 0x00000000e5300000| PB 0x00000000e5300000| Untracked |  0
|  84|0x00000000e5400000, 0x00000000e5400000, 0x00000000e5500000|  0%| F|  |TAMS 0x00000000e5400000| PB 0x00000000e5400000| Untracked |  0
|  85|0x00000000e5500000, 0x00000000e5500000, 0x00000000e5600000|  0%| F|  |TAMS 0x00000000e5500000| PB 0x00000000e5500000| Untracked |  0
|  86|0x00000000e5600000, 0x00000000e5600000, 0x00000000e5700000|  0%| F|  |TAMS 0x00000000e5600000| PB 0x00000000e5600000| Untracked |  0
|  87|0x00000000e5700000, 0x00000000e5700000, 0x00000000e5800000|  0%| F|  |TAMS 0x00000000e5700000| PB 0x00000000e5700000| Untracked |  0
|  88|0x00000000e5800000, 0x00000000e5800000, 0x00000000e5900000|  0%| F|  |TAMS 0x00000000e5800000| PB 0x00000000e5800000| Untracked |  0
|  89|0x00000000e5900000, 0x00000000e5900000, 0x00000000e5a00000|  0%| F|  |TAMS 0x00000000e5900000| PB 0x00000000e5900000| Untracked |  0
|  90|0x00000000e5a00000, 0x00000000e5a00000, 0x00000000e5b00000|  0%| F|  |TAMS 0x00000000e5a00000| PB 0x00000000e5a00000| Untracked |  0
|  91|0x00000000e5b00000, 0x00000000e5b00000, 0x00000000e5c00000|  0%| F|  |TAMS 0x00000000e5b00000| PB 0x00000000e5b00000| Untracked |  0
|  92|0x00000000e5c00000, 0x00000000e5c00000, 0x00000000e5d00000|  0%| F|  |TAMS 0x00000000e5c00000| PB 0x00000000e5c00000| Untracked |  0
|  93|0x00000000e5d00000, 0x00000000e5d00000, 0x00000000e5e00000|  0%| F|  |TAMS 0x00000000e5d00000| PB 0x00000000e5d00000| Untracked |  0
|  94|0x00000000e5e00000, 0x00000000e5e00000, 0x00000000e5f00000|  0%| F|  |TAMS 0x00000000e5e00000| PB 0x00000000e5e00000| Untracked |  0
|  95|0x00000000e5f00000, 0x00000000e5f00000, 0x00000000e6000000|  0%| F|  |TAMS 0x00000000e5f00000| PB 0x00000000e5f00000| Untracked |  0
|  96|0x00000000e6000000, 0x00000000e6000000, 0x00000000e6100000|  0%| F|  |TAMS 0x00000000e6000000| PB 0x00000000e6000000| Untracked |  0
|  97|0x00000000e6100000, 0x00000000e6100000, 0x00000000e6200000|  0%| F|  |TAMS 0x00000000e6100000| PB 0x00000000e6100000| Untracked |  0
|  98|0x00000000e6200000, 0x00000000e6200000, 0x00000000e6300000|  0%| F|  |TAMS 0x00000000e6200000| PB 0x00000000e6200000| Untracked |  0
|  99|0x00000000e6300000, 0x00000000e6300000, 0x00000000e6400000|  0%| F|  |TAMS 0x00000000e6300000| PB 0x00000000e6300000| Untracked |  0
| 100|0x00000000e6400000, 0x00000000e6400000, 0x00000000e6500000|  0%| F|  |TAMS 0x00000000e6400000| PB 0x00000000e6400000| Untracked |  0
| 101|0x00000000e6500000, 0x00000000e6500000, 0x00000000e6600000|  0%| F|  |TAMS 0x00000000e6500000| PB 0x00000000e6500000| Untracked |  0
| 102|0x00000000e6600000, 0x00000000e6600000, 0x00000000e6700000|  0%| F|  |TAMS 0x00000000e6600000| PB 0x00000000e6600000| Untracked |  0
| 103|0x00000000e6700000, 0x00000000e6700000, 0x00000000e6800000|  0%| F|  |TAMS 0x00000000e6700000| PB 0x00000000e6700000| Untracked |  0
| 104|0x00000000e6800000, 0x00000000e6800000, 0x00000000e6900000|  0%| F|  |TAMS 0x00000000e6800000| PB 0x00000000e6800000| Untracked |  0
| 105|0x00000000e6900000, 0x00000000e6900000, 0x00000000e6a00000|  0%| F|  |TAMS 0x00000000e6900000| PB 0x00000000e6900000| Untracked |  0
| 106|0x00000000e6a00000, 0x00000000e6a00000, 0x00000000e6b00000|  0%| F|  |TAMS 0x00000000e6a00000| PB 0x00000000e6a00000| Untracked |  0
| 107|0x00000000e6b00000, 0x00000000e6b00000, 0x00000000e6c00000|  0%| F|  |TAMS 0x00000000e6b00000| PB 0x00000000e6b00000| Untracked |  0
| 108|0x00000000e6c00000, 0x00000000e6c00000, 0x00000000e6d00000|  0%| F|  |TAMS 0x00000000e6c00000| PB 0x00000000e6c00000| Untracked |  0
| 109|0x00000000e6d00000, 0x00000000e6d00000, 0x00000000e6e00000|  0%| F|  |TAMS 0x00000000e6d00000| PB 0x00000000e6d00000| Untracked |  0
| 110|0x00000000e6e00000, 0x00000000e6e00000, 0x00000000e6f00000|  0%| F|  |TAMS 0x00000000e6e00000| PB 0x00000000e6e00000| Untracked |  0
| 111|0x00000000e6f00000, 0x00000000e6f00000, 0x00000000e7000000|  0%| F|  |TAMS 0x00000000e6f00000| PB 0x00000000e6f00000| Untracked |  0
| 112|0x00000000e7000000, 0x00000000e7000000, 0x00000000e7100000|  0%| F|  |TAMS 0x00000000e7000000| PB 0x00000000e7000000| Untracked |  0
| 113|0x00000000e7100000, 0x00000000e7100000, 0x00000000e7200000|  0%| F|  |TAMS 0x00000000e7100000| PB 0x00000000e7100000| Untracked |  0
| 114|0x00000000e7200000, 0x00000000e7200000, 0x00000000e7300000|  0%| F|  |TAMS 0x00000000e7200000| PB 0x00000000e7200000| Untracked |  0
| 115|0x00000000e7300000, 0x00000000e7300000, 0x00000000e7400000|  0%| F|  |TAMS 0x00000000e7300000| PB 0x00000000e7300000| Untracked |  0
| 116|0x00000000e7400000, 0x00000000e7400000, 0x00000000e7500000|  0%| F|  |TAMS 0x00000000e7400000| PB 0x00000000e7400000| Untracked |  0
| 117|0x00000000e7500000, 0x00000000e7500000, 0x00000000e7600000|  0%| F|  |TAMS 0x00000000e7500000| PB 0x00000000e7500000| Untracked |  0
| 118|0x00000000e7600000, 0x00000000e7600000, 0x00000000e7700000|  0%| F|  |TAMS 0x00000000e7600000| PB 0x00000000e7600000| Untracked |  0
| 119|0x00000000e7700000, 0x00000000e7700000, 0x00000000e7800000|  0%| F|  |TAMS 0x00000000e7700000| PB 0x00000000e7700000| Untracked |  0
| 120|0x00000000e7800000, 0x00000000e7800000, 0x00000000e7900000|  0%| F|  |TAMS 0x00000000e7800000| PB 0x00000000e7800000| Untracked |  0
| 121|0x00000000e7900000, 0x00000000e7900000, 0x00000000e7a00000|  0%| F|  |TAMS 0x00000000e7900000| PB 0x00000000e7900000| Untracked |  0
| 122|0x00000000e7a00000, 0x00000000e7a00000, 0x00000000e7b00000|  0%| F|  |TAMS 0x00000000e7a00000| PB 0x00000000e7a00000| Untracked |  0
| 123|0x00000000e7b00000, 0x00000000e7b00000, 0x00000000e7c00000|  0%| F|  |TAMS 0x00000000e7b00000| PB 0x00000000e7b00000| Untracked |  0
| 124|0x00000000e7c00000, 0x00000000e7c00000, 0x00000000e7d00000|  0%| F|  |TAMS 0x00000000e7c00000| PB 0x00000000e7c00000| Untracked |  0
| 125|0x00000000e7d00000, 0x00000000e7d00000, 0x00000000e7e00000|  0%| F|  |TAMS 0x00000000e7d00000| PB 0x00000000e7d00000| Untracked |  0
| 126|0x00000000e7e00000, 0x00000000e7e00000, 0x00000000e7f00000|  0%| F|  |TAMS 0x00000000e7e00000| PB 0x00000000e7e00000| Untracked |  0
| 127|0x00000000e7f00000, 0x00000000e7f00000, 0x00000000e8000000|  0%| F|  |TAMS 0x00000000e7f00000| PB 0x00000000e7f00000| Untracked |  0
| 128|0x00000000e8000000, 0x00000000e8000000, 0x00000000e8100000|  0%| F|  |TAMS 0x00000000e8000000| PB 0x00000000e8000000| Untracked |  0
| 129|0x00000000e8100000, 0x00000000e8100000, 0x00000000e8200000|  0%| F|  |TAMS 0x00000000e8100000| PB 0x00000000e8100000| Untracked |  0
| 130|0x00000000e8200000, 0x00000000e8200000, 0x00000000e8300000|  0%| F|  |TAMS 0x00000000e8200000| PB 0x00000000e8200000| Untracked |  0
| 131|0x00000000e8300000, 0x00000000e8300000, 0x00000000e8400000|  0%| F|  |TAMS 0x00000000e8300000| PB 0x00000000e8300000| Untracked |  0
| 132|0x00000000e8400000, 0x00000000e8400000, 0x00000000e8500000|  0%| F|  |TAMS 0x00000000e8400000| PB 0x00000000e8400000| Untracked |  0
| 133|0x00000000e8500000, 0x00000000e8500000, 0x00000000e8600000|  0%| F|  |TAMS 0x00000000e8500000| PB 0x00000000e8500000| Untracked |  0
| 134|0x00000000e8600000, 0x00000000e8600000, 0x00000000e8700000|  0%| F|  |TAMS 0x00000000e8600000| PB 0x00000000e8600000| Untracked |  0
| 135|0x00000000e8700000, 0x00000000e8700000, 0x00000000e8800000|  0%| F|  |TAMS 0x00000000e8700000| PB 0x00000000e8700000| Untracked |  0
| 136|0x00000000e8800000, 0x00000000e8900000, 0x00000000e8900000|100%| S|CS|TAMS 0x00000000e8800000| PB 0x00000000e8800000| Complete |  0
| 137|0x00000000e8900000, 0x00000000e8a00000, 0x00000000e8a00000|100%| S|CS|TAMS 0x00000000e8900000| PB 0x00000000e8900000| Complete |  0
| 138|0x00000000e8a00000, 0x00000000e8b00000, 0x00000000e8b00000|100%| S|CS|TAMS 0x00000000e8a00000| PB 0x00000000e8a00000| Complete |  0
| 139|0x00000000e8b00000, 0x00000000e8c00000, 0x00000000e8c00000|100%| S|CS|TAMS 0x00000000e8b00000| PB 0x00000000e8b00000| Complete |  0
| 140|0x00000000e8c00000, 0x00000000e8d00000, 0x00000000e8d00000|100%| S|CS|TAMS 0x00000000e8c00000| PB 0x00000000e8c00000| Complete |  0
| 141|0x00000000e8d00000, 0x00000000e8e00000, 0x00000000e8e00000|100%| S|CS|TAMS 0x00000000e8d00000| PB 0x00000000e8d00000| Complete |  0
| 142|0x00000000e8e00000, 0x00000000e8f00000, 0x00000000e8f00000|100%| S|CS|TAMS 0x00000000e8e00000| PB 0x00000000e8e00000| Complete |  0
| 143|0x00000000e8f00000, 0x00000000e9000000, 0x00000000e9000000|100%| S|CS|TAMS 0x00000000e8f00000| PB 0x00000000e8f00000| Complete |  0
| 144|0x00000000e9000000, 0x00000000e9100000, 0x00000000e9100000|100%| S|CS|TAMS 0x00000000e9000000| PB 0x00000000e9000000| Complete |  0
| 145|0x00000000e9100000, 0x00000000e9200000, 0x00000000e9200000|100%| S|CS|TAMS 0x00000000e9100000| PB 0x00000000e9100000| Complete |  0
| 146|0x00000000e9200000, 0x00000000e9300000, 0x00000000e9300000|100%| S|CS|TAMS 0x00000000e9200000| PB 0x00000000e9200000| Complete |  0
| 147|0x00000000e9300000, 0x00000000e9400000, 0x00000000e9400000|100%| S|CS|TAMS 0x00000000e9300000| PB 0x00000000e9300000| Complete |  0
| 148|0x00000000e9400000, 0x00000000e9500000, 0x00000000e9500000|100%| S|CS|TAMS 0x00000000e9400000| PB 0x00000000e9400000| Complete |  0
| 149|0x00000000e9500000, 0x00000000e9600000, 0x00000000e9600000|100%| S|CS|TAMS 0x00000000e9500000| PB 0x00000000e9500000| Complete |  0
| 150|0x00000000e9600000, 0x00000000e9600000, 0x00000000e9700000|  0%| F|  |TAMS 0x00000000e9600000| PB 0x00000000e9600000| Untracked |  0
| 151|0x00000000e9700000, 0x00000000e9700000, 0x00000000e9800000|  0%| F|  |TAMS 0x00000000e9700000| PB 0x00000000e9700000| Untracked |  0
| 152|0x00000000e9800000, 0x00000000e9800000, 0x00000000e9900000|  0%| F|  |TAMS 0x00000000e9800000| PB 0x00000000e9800000| Untracked |  0
| 153|0x00000000e9900000, 0x00000000e9900000, 0x00000000e9a00000|  0%| F|  |TAMS 0x00000000e9900000| PB 0x00000000e9900000| Untracked |  0
| 154|0x00000000e9a00000, 0x00000000e9a00000, 0x00000000e9b00000|  0%| F|  |TAMS 0x00000000e9a00000| PB 0x00000000e9a00000| Untracked |  0
| 155|0x00000000e9b00000, 0x00000000e9b00000, 0x00000000e9c00000|  0%| F|  |TAMS 0x00000000e9b00000| PB 0x00000000e9b00000| Untracked |  0
| 156|0x00000000e9c00000, 0x00000000e9c00000, 0x00000000e9d00000|  0%| F|  |TAMS 0x00000000e9c00000| PB 0x00000000e9c00000| Untracked |  0
| 157|0x00000000e9d00000, 0x00000000e9d00000, 0x00000000e9e00000|  0%| F|  |TAMS 0x00000000e9d00000| PB 0x00000000e9d00000| Untracked |  0
| 158|0x00000000e9e00000, 0x00000000e9e00000, 0x00000000e9f00000|  0%| F|  |TAMS 0x00000000e9e00000| PB 0x00000000e9e00000| Untracked |  0
| 159|0x00000000e9f00000, 0x00000000e9f00000, 0x00000000ea000000|  0%| F|  |TAMS 0x00000000e9f00000| PB 0x00000000e9f00000| Untracked |  0
| 160|0x00000000ea000000, 0x00000000ea000000, 0x00000000ea100000|  0%| F|  |TAMS 0x00000000ea000000| PB 0x00000000ea000000| Untracked |  0
| 161|0x00000000ea100000, 0x00000000ea100000, 0x00000000ea200000|  0%| F|  |TAMS 0x00000000ea100000| PB 0x00000000ea100000| Untracked |  0
| 162|0x00000000ea200000, 0x00000000ea200000, 0x00000000ea300000|  0%| F|  |TAMS 0x00000000ea200000| PB 0x00000000ea200000| Untracked |  0
| 163|0x00000000ea300000, 0x00000000ea300000, 0x00000000ea400000|  0%| F|  |TAMS 0x00000000ea300000| PB 0x00000000ea300000| Untracked |  0
| 164|0x00000000ea400000, 0x00000000ea400000, 0x00000000ea500000|  0%| F|  |TAMS 0x00000000ea400000| PB 0x00000000ea400000| Untracked |  0
| 165|0x00000000ea500000, 0x00000000ea500000, 0x00000000ea600000|  0%| F|  |TAMS 0x00000000ea500000| PB 0x00000000ea500000| Untracked |  0
| 166|0x00000000ea600000, 0x00000000ea600000, 0x00000000ea700000|  0%| F|  |TAMS 0x00000000ea600000| PB 0x00000000ea600000| Untracked |  0
| 167|0x00000000ea700000, 0x00000000ea700000, 0x00000000ea800000|  0%| F|  |TAMS 0x00000000ea700000| PB 0x00000000ea700000| Untracked |  0
| 168|0x00000000ea800000, 0x00000000ea800000, 0x00000000ea900000|  0%| F|  |TAMS 0x00000000ea800000| PB 0x00000000ea800000| Untracked |  0
| 169|0x00000000ea900000, 0x00000000ea900000, 0x00000000eaa00000|  0%| F|  |TAMS 0x00000000ea900000| PB 0x00000000ea900000| Untracked |  0
| 170|0x00000000eaa00000, 0x00000000eaa00000, 0x00000000eab00000|  0%| F|  |TAMS 0x00000000eaa00000| PB 0x00000000eaa00000| Untracked |  0
| 171|0x00000000eab00000, 0x00000000eab00000, 0x00000000eac00000|  0%| F|  |TAMS 0x00000000eab00000| PB 0x00000000eab00000| Untracked |  0
| 172|0x00000000eac00000, 0x00000000eac00000, 0x00000000ead00000|  0%| F|  |TAMS 0x00000000eac00000| PB 0x00000000eac00000| Untracked |  0
| 173|0x00000000ead00000, 0x00000000ead00000, 0x00000000eae00000|  0%| F|  |TAMS 0x00000000ead00000| PB 0x00000000ead00000| Untracked |  0
| 174|0x00000000eae00000, 0x00000000eae00000, 0x00000000eaf00000|  0%| F|  |TAMS 0x00000000eae00000| PB 0x00000000eae00000| Untracked |  0
| 175|0x00000000eaf00000, 0x00000000eaf00000, 0x00000000eb000000|  0%| F|  |TAMS 0x00000000eaf00000| PB 0x00000000eaf00000| Untracked |  0
| 176|0x00000000eb000000, 0x00000000eb000000, 0x00000000eb100000|  0%| F|  |TAMS 0x00000000eb000000| PB 0x00000000eb000000| Untracked |  0
| 177|0x00000000eb100000, 0x00000000eb100000, 0x00000000eb200000|  0%| F|  |TAMS 0x00000000eb100000| PB 0x00000000eb100000| Untracked |  0
| 178|0x00000000eb200000, 0x00000000eb200000, 0x00000000eb300000|  0%| F|  |TAMS 0x00000000eb200000| PB 0x00000000eb200000| Untracked |  0
| 179|0x00000000eb300000, 0x00000000eb300000, 0x00000000eb400000|  0%| F|  |TAMS 0x00000000eb300000| PB 0x00000000eb300000| Untracked |  0
| 180|0x00000000eb400000, 0x00000000eb400000, 0x00000000eb500000|  0%| F|  |TAMS 0x00000000eb400000| PB 0x00000000eb400000| Untracked |  0
| 181|0x00000000eb500000, 0x00000000eb500000, 0x00000000eb600000|  0%| F|  |TAMS 0x00000000eb500000| PB 0x00000000eb500000| Untracked |  0
| 182|0x00000000eb600000, 0x00000000eb600000, 0x00000000eb700000|  0%| F|  |TAMS 0x00000000eb600000| PB 0x00000000eb600000| Untracked |  0
| 183|0x00000000eb700000, 0x00000000eb700000, 0x00000000eb800000|  0%| F|  |TAMS 0x00000000eb700000| PB 0x00000000eb700000| Untracked |  0
| 184|0x00000000eb800000, 0x00000000eb800000, 0x00000000eb900000|  0%| F|  |TAMS 0x00000000eb800000| PB 0x00000000eb800000| Untracked |  0
| 185|0x00000000eb900000, 0x00000000eb900000, 0x00000000eba00000|  0%| F|  |TAMS 0x00000000eb900000| PB 0x00000000eb900000| Untracked |  0
| 186|0x00000000eba00000, 0x00000000eba00000, 0x00000000ebb00000|  0%| F|  |TAMS 0x00000000eba00000| PB 0x00000000eba00000| Untracked |  0
| 187|0x00000000ebb00000, 0x00000000ebb00000, 0x00000000ebc00000|  0%| F|  |TAMS 0x00000000ebb00000| PB 0x00000000ebb00000| Untracked |  0
| 188|0x00000000ebc00000, 0x00000000ebc00000, 0x00000000ebd00000|  0%| F|  |TAMS 0x00000000ebc00000| PB 0x00000000ebc00000| Untracked |  0
| 189|0x00000000ebd00000, 0x00000000ebd00000, 0x00000000ebe00000|  0%| F|  |TAMS 0x00000000ebd00000| PB 0x00000000ebd00000| Untracked |  0
| 190|0x00000000ebe00000, 0x00000000ebe00000, 0x00000000ebf00000|  0%| F|  |TAMS 0x00000000ebe00000| PB 0x00000000ebe00000| Untracked |  0
| 191|0x00000000ebf00000, 0x00000000ebf00000, 0x00000000ec000000|  0%| F|  |TAMS 0x00000000ebf00000| PB 0x00000000ebf00000| Untracked |  0
| 192|0x00000000ec000000, 0x00000000ec000000, 0x00000000ec100000|  0%| F|  |TAMS 0x00000000ec000000| PB 0x00000000ec000000| Untracked |  0
| 193|0x00000000ec100000, 0x00000000ec100000, 0x00000000ec200000|  0%| F|  |TAMS 0x00000000ec100000| PB 0x00000000ec100000| Untracked |  0
| 194|0x00000000ec200000, 0x00000000ec200000, 0x00000000ec300000|  0%| F|  |TAMS 0x00000000ec200000| PB 0x00000000ec200000| Untracked |  0
| 195|0x00000000ec300000, 0x00000000ec300000, 0x00000000ec400000|  0%| F|  |TAMS 0x00000000ec300000| PB 0x00000000ec300000| Untracked |  0
| 196|0x00000000ec400000, 0x00000000ec400000, 0x00000000ec500000|  0%| F|  |TAMS 0x00000000ec400000| PB 0x00000000ec400000| Untracked |  0
| 197|0x00000000ec500000, 0x00000000ec500000, 0x00000000ec600000|  0%| F|  |TAMS 0x00000000ec500000| PB 0x00000000ec500000| Untracked |  0
| 198|0x00000000ec600000, 0x00000000ec6466a0, 0x00000000ec700000| 27%| E|  |TAMS 0x00000000ec600000| PB 0x00000000ec600000| Complete |  0
| 199|0x00000000ec700000, 0x00000000ec800000, 0x00000000ec800000|100%| E|CS|TAMS 0x00000000ec700000| PB 0x00000000ec700000| Complete |  0
| 200|0x00000000ec800000, 0x00000000ec900000, 0x00000000ec900000|100%| E|CS|TAMS 0x00000000ec800000| PB 0x00000000ec800000| Complete |  0
| 201|0x00000000ec900000, 0x00000000eca00000, 0x00000000eca00000|100%| E|CS|TAMS 0x00000000ec900000| PB 0x00000000ec900000| Complete |  0
| 202|0x00000000eca00000, 0x00000000ecb00000, 0x00000000ecb00000|100%| E|CS|TAMS 0x00000000eca00000| PB 0x00000000eca00000| Complete |  0
| 203|0x00000000ecb00000, 0x00000000ecc00000, 0x00000000ecc00000|100%| E|CS|TAMS 0x00000000ecb00000| PB 0x00000000ecb00000| Complete |  0
| 204|0x00000000ecc00000, 0x00000000ecd00000, 0x00000000ecd00000|100%| E|CS|TAMS 0x00000000ecc00000| PB 0x00000000ecc00000| Complete |  0
| 205|0x00000000ecd00000, 0x00000000ece00000, 0x00000000ece00000|100%| E|CS|TAMS 0x00000000ecd00000| PB 0x00000000ecd00000| Complete |  0
| 206|0x00000000ece00000, 0x00000000ecf00000, 0x00000000ecf00000|100%| E|CS|TAMS 0x00000000ece00000| PB 0x00000000ece00000| Complete |  0
| 207|0x00000000ecf00000, 0x00000000ed000000, 0x00000000ed000000|100%| E|CS|TAMS 0x00000000ecf00000| PB 0x00000000ecf00000| Complete |  0
| 208|0x00000000ed000000, 0x00000000ed100000, 0x00000000ed100000|100%| E|CS|TAMS 0x00000000ed000000| PB 0x00000000ed000000| Complete |  0
| 209|0x00000000ed100000, 0x00000000ed200000, 0x00000000ed200000|100%| E|CS|TAMS 0x00000000ed100000| PB 0x00000000ed100000| Complete |  0
| 210|0x00000000ed200000, 0x00000000ed300000, 0x00000000ed300000|100%| E|CS|TAMS 0x00000000ed200000| PB 0x00000000ed200000| Complete |  0
| 211|0x00000000ed300000, 0x00000000ed400000, 0x00000000ed400000|100%| E|CS|TAMS 0x00000000ed300000| PB 0x00000000ed300000| Complete |  0
| 212|0x00000000ed400000, 0x00000000ed500000, 0x00000000ed500000|100%| E|CS|TAMS 0x00000000ed400000| PB 0x00000000ed400000| Complete |  0
| 213|0x00000000ed500000, 0x00000000ed600000, 0x00000000ed600000|100%| E|CS|TAMS 0x00000000ed500000| PB 0x00000000ed500000| Complete |  0
| 214|0x00000000ed600000, 0x00000000ed700000, 0x00000000ed700000|100%| E|CS|TAMS 0x00000000ed600000| PB 0x00000000ed600000| Complete |  0
| 215|0x00000000ed700000, 0x00000000ed800000, 0x00000000ed800000|100%| E|CS|TAMS 0x00000000ed700000| PB 0x00000000ed700000| Complete |  0
| 216|0x00000000ed800000, 0x00000000ed900000, 0x00000000ed900000|100%| E|CS|TAMS 0x00000000ed800000| PB 0x00000000ed800000| Complete |  0
| 217|0x00000000ed900000, 0x00000000eda00000, 0x00000000eda00000|100%| E|CS|TAMS 0x00000000ed900000| PB 0x00000000ed900000| Complete |  0
| 218|0x00000000eda00000, 0x00000000edb00000, 0x00000000edb00000|100%| E|CS|TAMS 0x00000000eda00000| PB 0x00000000eda00000| Complete |  0
| 219|0x00000000edb00000, 0x00000000edc00000, 0x00000000edc00000|100%| E|CS|TAMS 0x00000000edb00000| PB 0x00000000edb00000| Complete |  0
| 220|0x00000000edc00000, 0x00000000edd00000, 0x00000000edd00000|100%| E|CS|TAMS 0x00000000edc00000| PB 0x00000000edc00000| Complete |  0
| 221|0x00000000edd00000, 0x00000000ede00000, 0x00000000ede00000|100%| E|CS|TAMS 0x00000000edd00000| PB 0x00000000edd00000| Complete |  0
| 222|0x00000000ede00000, 0x00000000edf00000, 0x00000000edf00000|100%| E|CS|TAMS 0x00000000ede00000| PB 0x00000000ede00000| Complete |  0
| 223|0x00000000edf00000, 0x00000000ee000000, 0x00000000ee000000|100%| E|CS|TAMS 0x00000000edf00000| PB 0x00000000edf00000| Complete |  0
| 224|0x00000000ee000000, 0x00000000ee100000, 0x00000000ee100000|100%| E|CS|TAMS 0x00000000ee000000| PB 0x00000000ee000000| Complete |  0
| 225|0x00000000ee100000, 0x00000000ee200000, 0x00000000ee200000|100%| E|CS|TAMS 0x00000000ee100000| PB 0x00000000ee100000| Complete |  0
| 226|0x00000000ee200000, 0x00000000ee300000, 0x00000000ee300000|100%| E|CS|TAMS 0x00000000ee200000| PB 0x00000000ee200000| Complete |  0
| 227|0x00000000ee300000, 0x00000000ee400000, 0x00000000ee400000|100%| E|CS|TAMS 0x00000000ee300000| PB 0x00000000ee300000| Complete |  0
| 228|0x00000000ee400000, 0x00000000ee500000, 0x00000000ee500000|100%| E|CS|TAMS 0x00000000ee400000| PB 0x00000000ee400000| Complete |  0
| 229|0x00000000ee500000, 0x00000000ee600000, 0x00000000ee600000|100%| E|CS|TAMS 0x00000000ee500000| PB 0x00000000ee500000| Complete |  0
| 230|0x00000000ee600000, 0x00000000ee700000, 0x00000000ee700000|100%| E|CS|TAMS 0x00000000ee600000| PB 0x00000000ee600000| Complete |  0
| 231|0x00000000ee700000, 0x00000000ee800000, 0x00000000ee800000|100%| E|CS|TAMS 0x00000000ee700000| PB 0x00000000ee700000| Complete |  0
| 232|0x00000000ee800000, 0x00000000ee900000, 0x00000000ee900000|100%| E|CS|TAMS 0x00000000ee800000| PB 0x00000000ee800000| Complete |  0
| 233|0x00000000ee900000, 0x00000000eea00000, 0x00000000eea00000|100%| E|CS|TAMS 0x00000000ee900000| PB 0x00000000ee900000| Complete |  0
| 234|0x00000000eea00000, 0x00000000eeb00000, 0x00000000eeb00000|100%| E|CS|TAMS 0x00000000eea00000| PB 0x00000000eea00000| Complete |  0
| 235|0x00000000eeb00000, 0x00000000eec00000, 0x00000000eec00000|100%| E|CS|TAMS 0x00000000eeb00000| PB 0x00000000eeb00000| Complete |  0
| 236|0x00000000eec00000, 0x00000000eed00000, 0x00000000eed00000|100%| E|CS|TAMS 0x00000000eec00000| PB 0x00000000eec00000| Complete |  0
| 237|0x00000000eed00000, 0x00000000eee00000, 0x00000000eee00000|100%| E|CS|TAMS 0x00000000eed00000| PB 0x00000000eed00000| Complete |  0
| 238|0x00000000eee00000, 0x00000000eef00000, 0x00000000eef00000|100%| E|CS|TAMS 0x00000000eee00000| PB 0x00000000eee00000| Complete |  0
| 239|0x00000000eef00000, 0x00000000ef000000, 0x00000000ef000000|100%| E|CS|TAMS 0x00000000eef00000| PB 0x00000000eef00000| Complete |  0
| 240|0x00000000ef000000, 0x00000000ef100000, 0x00000000ef100000|100%| E|CS|TAMS 0x00000000ef000000| PB 0x00000000ef000000| Complete |  0
| 241|0x00000000ef100000, 0x00000000ef200000, 0x00000000ef200000|100%| E|CS|TAMS 0x00000000ef100000| PB 0x00000000ef100000| Complete |  0
| 242|0x00000000ef200000, 0x00000000ef300000, 0x00000000ef300000|100%| E|CS|TAMS 0x00000000ef200000| PB 0x00000000ef200000| Complete |  0
| 243|0x00000000ef300000, 0x00000000ef400000, 0x00000000ef400000|100%| E|CS|TAMS 0x00000000ef300000| PB 0x00000000ef300000| Complete |  0
| 244|0x00000000ef400000, 0x00000000ef500000, 0x00000000ef500000|100%| E|CS|TAMS 0x00000000ef400000| PB 0x00000000ef400000| Complete |  0
| 245|0x00000000ef500000, 0x00000000ef600000, 0x00000000ef600000|100%| E|CS|TAMS 0x00000000ef500000| PB 0x00000000ef500000| Complete |  0
| 246|0x00000000ef600000, 0x00000000ef700000, 0x00000000ef700000|100%| E|CS|TAMS 0x00000000ef600000| PB 0x00000000ef600000| Complete |  0
| 247|0x00000000ef700000, 0x00000000ef800000, 0x00000000ef800000|100%| E|CS|TAMS 0x00000000ef700000| PB 0x00000000ef700000| Complete |  0
| 248|0x00000000ef800000, 0x00000000ef900000, 0x00000000ef900000|100%| E|CS|TAMS 0x00000000ef800000| PB 0x00000000ef800000| Complete |  0
| 249|0x00000000ef900000, 0x00000000efa00000, 0x00000000efa00000|100%| E|CS|TAMS 0x00000000ef900000| PB 0x00000000ef900000| Complete |  0
| 250|0x00000000efa00000, 0x00000000efb00000, 0x00000000efb00000|100%| E|CS|TAMS 0x00000000efa00000| PB 0x00000000efa00000| Complete |  0
| 251|0x00000000efb00000, 0x00000000efc00000, 0x00000000efc00000|100%| E|CS|TAMS 0x00000000efb00000| PB 0x00000000efb00000| Complete |  0
| 252|0x00000000efc00000, 0x00000000efd00000, 0x00000000efd00000|100%| E|CS|TAMS 0x00000000efc00000| PB 0x00000000efc00000| Complete |  0
| 253|0x00000000efd00000, 0x00000000efe00000, 0x00000000efe00000|100%| E|CS|TAMS 0x00000000efd00000| PB 0x00000000efd00000| Complete |  0
| 254|0x00000000efe00000, 0x00000000eff00000, 0x00000000eff00000|100%| E|CS|TAMS 0x00000000efe00000| PB 0x00000000efe00000| Complete |  0
| 255|0x00000000eff00000, 0x00000000f0000000, 0x00000000f0000000|100%| E|CS|TAMS 0x00000000eff00000| PB 0x00000000eff00000| Complete |  0
| 510|0x00000000ffe00000, 0x00000000fff00000, 0x00000000fff00000|100%| O|  |TAMS 0x00000000ffe00000| PB 0x00000000ffe00000| Untracked |  0
| 511|0x00000000fff00000, 0x00000000fff1c288, 0x0000000100000000| 10%| O|  |TAMS 0x00000000fff00000| PB 0x00000000fff00000| Untracked |  0

Card table byte_map: [0x00000256a6790000,0x00000256a6890000] _byte_map_base: 0x00000256a6090000

Marking Bits: (CMBitMap*) 0x000002568ee0c6e0
 Bits: [0x00000256a6890000, 0x00000256a7090000)

Polling page: 0x000002568cde0000

Metaspace:

Usage:
  Non-class:     17.30 MB used.
      Class:      2.10 MB used.
       Both:     19.40 MB used.

Virtual space:
  Non-class space:       64.00 MB reserved,      17.69 MB ( 28%) committed,  1 nodes.
      Class space:      320.00 MB reserved,       2.44 MB ( <1%) committed,  1 nodes.
             Both:      384.00 MB reserved,      20.12 MB (  5%) committed. 

Chunk freelists:
   Non-Class:  13.41 MB
       Class:  13.48 MB
        Both:  26.89 MB

MaxMetaspaceSize: 384.00 MB
CompressedClassSpaceSize: 320.00 MB
Initial GC threshold: 21.00 MB
Current GC threshold: 21.00 MB
CDS: on
 - commit_granule_bytes: 65536.
 - commit_granule_words: 8192.
 - virtual_space_node_default_size: 8388608.
 - enlarge_chunks_in_place: 1.
UseCompressedClassPointers 1, UseCompactObjectHeaders 0
Narrow klass pointer bits 32, Max shift 3
Narrow klass base: 0x00000256aa000000, Narrow klass shift: 0
Encoding Range: [0x00000256aa000000 - 0x00000257aa000000), (4294967296 bytes)
Klass Range:    [0x00000256aa000000 - 0x00000256bf000000), (352321536 bytes)
Klass ID Range:  [8 - 352321529) (352321521)


Internal statistics:

num_allocs_failed_limit: 0.
num_arena_births: 886.
num_arena_deaths: 0.
num_vsnodes_births: 2.
num_vsnodes_deaths: 0.
num_space_committed: 322.
num_space_uncommitted: 0.
num_chunks_returned_to_freelist: 0.
num_chunks_taken_from_freelist: 1632.
num_chunk_merges: 0.
num_chunk_splits: 1071.
num_chunks_enlarged: 717.
num_inconsistent_stats: 0.

CodeHeap 'non-profiled nmethods': size=120064Kb used=1105Kb max_used=1105Kb free=118958Kb
 bounds [0x000002569f150000, 0x000002569f3c0000, 0x00000256a6690000]
CodeHeap 'profiled nmethods': size=120000Kb used=5565Kb max_used=5565Kb free=114434Kb
 bounds [0x0000025697690000, 0x0000025697c00000, 0x000002569ebc0000]
CodeHeap 'non-nmethods': size=5696Kb used=1433Kb max_used=1438Kb free=4262Kb
 bounds [0x000002569ebc0000, 0x000002569ee30000, 0x000002569f150000]
CodeCache: size=245760Kb, used=8103Kb, max_used=8108Kb, free=237654Kb
 total_blobs=3756, nmethods=3158, adapters=502, full_count=0
Compilation: enabled, stopped_count=0, restarted_count=0

Compilation events (20 events):
Event: 13.755 Thread 0x00000256a96ba6b0 3044       3       java.lang.invoke.MethodHandles$Lookup::getDirectField (8 bytes)
Event: 13.755 Thread 0x00000256a96ba6b0 nmethod 3044 0x0000025697bbd808 code [0x0000025697bbd920, 0x0000025697bbda50]
Event: 13.755 Thread 0x00000256a96ba6b0 3045       3       java.lang.invoke.DirectMethodHandle::ftypeKind (38 bytes)
Event: 13.756 Thread 0x00000256a96ba6b0 nmethod 3045 0x0000025697bbdb08 code [0x0000025697bbdc60, 0x0000025697bbe120]
Event: 13.765 Thread 0x00000256a96ba6b0 3046       3       java.lang.classfile.CodeBuilder::putfield (13 bytes)
Event: 13.765 Thread 0x00000256a96ba6b0 nmethod 3046 0x0000025697bbe188 code [0x0000025697bbe2a0, 0x0000025697bbe4b8]
Event: 13.773 Thread 0x00000256a96ba6b0 3049       3       jdk.internal.classfile.impl.AbstractPoolEntry$ClassEntryImpl::clone (6 bytes)
Event: 13.773 Thread 0x00000256a96ba6b0 nmethod 3049 0x0000025697bbe508 code [0x0000025697bbe640, 0x0000025697bbe9b8]
Event: 13.773 Thread 0x00000256a96ba6b0 3050       3       jdk.internal.classfile.impl.AbstractPoolEntry$ClassEntryImpl::clone (9 bytes)
Event: 13.773 Thread 0x00000256a96ba6b0 nmethod 3050 0x0000025697bbea08 code [0x0000025697bbeb20, 0x0000025697bbedb8]
Event: 13.773 Thread 0x00000256a96ba6b0 3051       3       jdk.internal.classfile.impl.SplitConstantPool::cloneClassEntry (63 bytes)
Event: 13.774 Thread 0x00000256a96ba6b0 nmethod 3051 0x0000025697bbee08 code [0x0000025697bbefa0, 0x0000025697bbf7c8]
Event: 13.776 Thread 0x00000256a96ba6b0 3053   !   3       java.lang.invoke.ClassSpecializer$Factory::findGetter (41 bytes)
Event: 13.777 Thread 0x00000256a96ba6b0 nmethod 3053 0x0000025697bbf808 code [0x0000025697bbf980, 0x0000025697bbff28]
Event: 13.777 Thread 0x00000256a96ba6b0 3054       3       java.lang.invoke.MethodHandles$Lookup::findGetter (19 bytes)
Event: 13.777 Thread 0x00000256a96ba6b0 nmethod 3054 0x0000025697bbff88 code [0x0000025697bc00c0, 0x0000025697bc0358]
Event: 13.781 Thread 0x00000256a96ba6b0 3056       3       java.lang.invoke.ClassSpecializer$Factory$1$5$1::accept (377 bytes)
Event: 13.786 Thread 0x00000256a96ba6b0 nmethod 3056 0x0000025697bc0388 code [0x0000025697bc0800, 0x0000025697bc3208]
Event: 13.786 Thread 0x00000256a96ba6b0 3057       3       jdk.internal.classfile.impl.DirectCodeBuilder::areturn (12 bytes)
Event: 13.786 Thread 0x00000256a96ba6b0 nmethod 3057 0x0000025697bc3408 code [0x0000025697bc3520, 0x0000025697bc36f8]

GC Heap History (4 events):
Event: 5.665 GC heap before
{Heap before GC invocations=0 (full 0):
 garbage-first heap   total reserved 524288K, committed 264192K, used 28784K [0x00000000e0000000, 0x0000000100000000)
  region size 1024K, 28 young (28672K), 0 survivors (0K)
 Metaspace       used 1093K, committed 1216K, reserved 393216K
  class space    used 61K, committed 128K, reserved 327680K
}
Event: 5.689 GC heap after
{Heap after GC invocations=1 (full 0):
 garbage-first heap   total reserved 524288K, committed 264192K, used 6512K [0x00000000e0000000, 0x0000000100000000)
  region size 1024K, 4 young (4096K), 4 survivors (4096K)
 Metaspace       used 1093K, committed 1216K, reserved 393216K
  class space    used 61K, committed 128K, reserved 327680K
}
Event: 12.370 GC heap before
{Heap before GC invocations=1 (full 0):
 garbage-first heap   total reserved 524288K, committed 264192K, used 115056K [0x00000000e0000000, 0x0000000100000000)
  region size 1024K, 106 young (108544K), 4 survivors (4096K)
 Metaspace       used 11120K, committed 11520K, reserved 393216K
  class space    used 1146K, committed 1344K, reserved 327680K
}
Event: 12.389 GC heap after
{Heap after GC invocations=2 (full 0):
 garbage-first heap   total reserved 524288K, committed 264192K, used 21171K [0x00000000e0000000, 0x0000000100000000)
  region size 1024K, 14 young (14336K), 14 survivors (14336K)
 Metaspace       used 11120K, committed 11520K, reserved 393216K
  class space    used 1146K, committed 1344K, reserved 327680K
}

Dll operation events (15 events):
Event: 0.075 Loaded shared library C:\Users\1000y\.jdks\openjdk-24.0.1\bin\java.dll
Event: 0.202 Loaded shared library C:\Users\1000y\.jdks\openjdk-24.0.1\bin\jsvml.dll
Event: 0.347 Loaded shared library C:\Users\1000y\.jdks\openjdk-24.0.1\bin\zip.dll
Event: 0.382 Loaded shared library C:\Users\1000y\.jdks\openjdk-24.0.1\bin\instrument.dll
Event: 0.397 Loaded shared library C:\Users\1000y\.jdks\openjdk-24.0.1\bin\net.dll
Event: 0.566 Loaded shared library C:\Users\1000y\.jdks\openjdk-24.0.1\bin\nio.dll
Event: 0.582 Loaded shared library C:\Users\1000y\.jdks\openjdk-24.0.1\bin\zip.dll
Event: 3.091 Loaded shared library C:\Users\1000y\.jdks\openjdk-24.0.1\bin\jimage.dll
Event: 5.830 Loaded shared library C:\Users\1000y\.jdks\openjdk-24.0.1\bin\verify.dll
Event: 6.143 Loaded shared library C:\Users\1000y\.gradle\native\1def1411415f61bf3af743bc5b6707747c0891f09f0c88961ee8f79bc544acac\windows-amd64\native-platform.dll
Event: 6.192 Loaded shared library C:\Users\1000y\.gradle\native\0.2.7\x86_64-windows-gnu\gradle-fileevents.dll
Event: 10.772 Loaded shared library C:\Users\1000y\.jdks\openjdk-24.0.1\bin\management.dll
Event: 10.776 Loaded shared library C:\Users\1000y\.jdks\openjdk-24.0.1\bin\management_ext.dll
Event: 11.257 Loaded shared library C:\Users\1000y\.jdks\openjdk-24.0.1\bin\extnet.dll
Event: 11.995 Loaded shared library C:\Users\1000y\.jdks\openjdk-24.0.1\bin\sunmscapi.dll

Deoptimization events (20 events):
Event: 12.611 Thread 0x00000256a97be790 DEOPT PACKING pc=0x000002569f181400 sp=0x000000d51c9fc4b0
Event: 12.611 Thread 0x00000256a97be790 DEOPT UNPACKING pc=0x000002569ecd7702 sp=0x000000d51c9fc430 mode 2
Event: 12.642 Thread 0x00000256a97be790 Uncommon trap: trap_request=0xffffff4d fr.pc=0x000002569f1ccbe4 relative=0x00000000000002a4
Event: 12.642 Thread 0x00000256a97be790 Uncommon trap: reason=unstable_if action=reinterpret pc=0x000002569f1ccbe4 method=java.util.concurrent.ConcurrentHashMap.get(Ljava/lang/Object;)Ljava/lang/Object; @ 152 c2
Event: 12.642 Thread 0x00000256a97be790 DEOPT PACKING pc=0x000002569f1ccbe4 sp=0x000000d51c9fbb60
Event: 12.642 Thread 0x00000256a97be790 DEOPT UNPACKING pc=0x000002569ecd7702 sp=0x000000d51c9fbad8 mode 2
Event: 13.193 Thread 0x00000256a97be790 DEOPT PACKING pc=0x000002569777d72f sp=0x000000d51c9fabd0
Event: 13.193 Thread 0x00000256a97be790 DEOPT UNPACKING pc=0x000002569ec15722 sp=0x000000d51c9fa068 mode 0
Event: 13.325 Thread 0x00000256a97be790 Uncommon trap: trap_request=0xffffff4d fr.pc=0x000002569f173d3c relative=0x0000000000000a1c
Event: 13.325 Thread 0x00000256a97be790 Uncommon trap: reason=unstable_if action=reinterpret pc=0x000002569f173d3c method=java.io.WinNTFileSystem.resolve(Ljava/lang/String;Ljava/lang/String;)Ljava/lang/String; @ 42 c2
Event: 13.325 Thread 0x00000256a97be790 DEOPT PACKING pc=0x000002569f173d3c sp=0x000000d51c9fb520
Event: 13.325 Thread 0x00000256a97be790 DEOPT UNPACKING pc=0x000002569ecd7702 sp=0x000000d51c9fb4a8 mode 2
Event: 13.328 Thread 0x00000256a97be790 Uncommon trap: trap_request=0xffffff4d fr.pc=0x000002569f17c67c relative=0x000000000000053c
Event: 13.328 Thread 0x00000256a97be790 Uncommon trap: reason=unstable_if action=reinterpret pc=0x000002569f17c67c method=java.io.File.getName()Ljava/lang/String; @ 16 c2
Event: 13.328 Thread 0x00000256a97be790 DEOPT PACKING pc=0x000002569f17c67c sp=0x000000d51c9fb500
Event: 13.328 Thread 0x00000256a97be790 DEOPT UNPACKING pc=0x000002569ecd7702 sp=0x000000d51c9fb4d0 mode 2
Event: 13.499 Thread 0x00000256a97be790 Uncommon trap: trap_request=0xffffff4d fr.pc=0x000002569f177400 relative=0x00000000000000e0
Event: 13.499 Thread 0x00000256a97be790 Uncommon trap: reason=unstable_if action=reinterpret pc=0x000002569f177400 method=java.util.HashMap.hash(Ljava/lang/Object;)I @ 1 c2
Event: 13.499 Thread 0x00000256a97be790 DEOPT PACKING pc=0x000002569f177400 sp=0x000000d51c9fc5f0
Event: 13.499 Thread 0x00000256a97be790 DEOPT UNPACKING pc=0x000002569ecd7702 sp=0x000000d51c9fc530 mode 2

Classes loaded (20 events):
Event: 13.677 Loading class java/lang/invoke/BoundMethodHandle$Species_LLLLLLLLLLLLLLL
Event: 13.677 Loading class java/lang/invoke/BoundMethodHandle$Species_LLLLLLLLLLLLLLL done
Event: 13.685 Loading class java/lang/invoke/BoundMethodHandle$Species_LLLLLLLLLLLLLLLL
Event: 13.685 Loading class java/lang/invoke/BoundMethodHandle$Species_LLLLLLLLLLLLLLLL done
Event: 13.706 Loading class java/lang/invoke/BoundMethodHandle$Species_LLLLLLLLLLLLLLLLL
Event: 13.706 Loading class java/lang/invoke/BoundMethodHandle$Species_LLLLLLLLLLLLLLLLL done
Event: 13.715 Loading class java/lang/invoke/BoundMethodHandle$Species_LLLLLLLLLLLLLLLLLL
Event: 13.715 Loading class java/lang/invoke/BoundMethodHandle$Species_LLLLLLLLLLLLLLLLLL done
Event: 13.725 Loading class java/lang/invoke/BoundMethodHandle$Species_LLLLLLLLLLLLLLLLLLL
Event: 13.725 Loading class java/lang/invoke/BoundMethodHandle$Species_LLLLLLLLLLLLLLLLLLL done
Event: 13.734 Loading class java/lang/invoke/BoundMethodHandle$Species_LLLLLLLLLLLLLLLLLLLL
Event: 13.734 Loading class java/lang/invoke/BoundMethodHandle$Species_LLLLLLLLLLLLLLLLLLLL done
Event: 13.740 Loading class java/lang/invoke/BoundMethodHandle$Species_LLLLLLLLLLLLLLLLLLLLL
Event: 13.740 Loading class java/lang/invoke/BoundMethodHandle$Species_LLLLLLLLLLLLLLLLLLLLL done
Event: 13.748 Loading class java/lang/invoke/BoundMethodHandle$Species_LLLLLLLLLLLLLLLLLLLLLL
Event: 13.748 Loading class java/lang/invoke/BoundMethodHandle$Species_LLLLLLLLLLLLLLLLLLLLLL done
Event: 13.765 Loading class java/lang/invoke/BoundMethodHandle$Species_LLLLLLLLLLLLLLLLLLLLLLL
Event: 13.765 Loading class java/lang/invoke/BoundMethodHandle$Species_LLLLLLLLLLLLLLLLLLLLLLL done
Event: 13.778 Loading class java/lang/invoke/BoundMethodHandle$Species_LLLLLLLLLLLLLLLLLLLLLLLL
Event: 13.778 Loading class java/lang/invoke/BoundMethodHandle$Species_LLLLLLLLLLLLLLLLLLLLLLLL done

Classes unloaded (0 events):
No events

Classes redefined (0 events):
No events

Internal exceptions (20 events):
Event: 13.303 Thread 0x00000256a97be790 Exception <a 'java/lang/NoSuchMethodError'{0x00000000ee7bdc18}: 'java.lang.Object java.lang.invoke.DirectMethodHandle$Holder.invokeVirtual(java.lang.Object, java.lang.Object, java.lang.Object, java.lang.Object, java.lang.Object, java.lang.Object, java.lang.Object, java.lang.Object, java.lang.Object, java.lang.Object)'> (0x00000000ee7bdc18) 
thrown [s\open\src\hotspot\share\interpreter\linkResolver.cpp, line 805]
Event: 13.364 Thread 0x00000256a97be790 Exception <a 'java/lang/NoSuchMethodError'{0x00000000ee681fa8}: 'void java.lang.invoke.DirectMethodHandle$Holder.invokeStatic(java.lang.Object, java.lang.Object, java.lang.Object, java.lang.Object)'> (0x00000000ee681fa8) 
thrown [s\open\src\hotspot\share\interpreter\linkResolver.cpp, line 805]
Event: 13.365 Thread 0x00000256a97be790 Exception <a 'java/lang/NoSuchMethodError'{0x00000000ee68a978}: 'void java.lang.invoke.DirectMethodHandle$Holder.invokeStaticInit(java.lang.Object, java.lang.Object, java.lang.Object, java.lang.Object)'> (0x00000000ee68a978) 
thrown [s\open\src\hotspot\share\interpreter\linkResolver.cpp, line 805]
Event: 13.381 Thread 0x00000256a97be790 Exception <a 'java/lang/NoSuchMethodError'{0x00000000ee6e4900}: 'java.lang.Object java.lang.invoke.DirectMethodHandle$Holder.invokeInterface(java.lang.Object, java.lang.Object, java.lang.Object)'> (0x00000000ee6e4900) 
thrown [s\open\src\hotspot\share\interpreter\linkResolver.cpp, line 805]
Event: 13.440 Thread 0x00000256a97be790 Exception <a 'java/lang/NoSuchMethodError'{0x00000000ee41c550}: 'int java.lang.invoke.DirectMethodHandle$Holder.invokeSpecialIFC(java.lang.Object, java.lang.Object, java.lang.Object, java.lang.Object)'> (0x00000000ee41c550) 
thrown [s\open\src\hotspot\share\interpreter\linkResolver.cpp, line 805]
Event: 13.445 Thread 0x00000256a97be790 Exception <a 'java/lang/IncompatibleClassChangeError'{0x00000000ee442fd8}: Found class java.lang.Object, but interface was expected> (0x00000000ee442fd8) 
thrown [s\open\src\hotspot\share\interpreter\linkResolver.cpp, line 872]
Event: 13.499 Thread 0x00000256a97be790 Implicit null exception at 0x000002569f177356 to 0x000002569f1773f6
Event: 13.528 Thread 0x00000256a97be790 Exception <a 'java/lang/NoSuchMethodError'{0x00000000ee2374f0}: 'int java.lang.invoke.DirectMethodHandle$Holder.invokeStatic(java.lang.Object, java.lang.Object, java.lang.Object, java.lang.Object)'> (0x00000000ee2374f0) 
thrown [s\open\src\hotspot\share\interpreter\linkResolver.cpp, line 805]
Event: 13.660 Thread 0x00000256a97be790 Exception <a 'java/lang/NoSuchMethodError'{0x00000000ee0b5958}: 'java.lang.Object java.lang.invoke.DelegatingMethodHandle$Holder.reinvoke_L(java.lang.Object, java.lang.Object, java.lang.Object, java.lang.Object, java.lang.Object, java.lang.Object, java.lang.Object, java.lang.Object, java.lang.Object, java.lang.Object, java.lang.Object, java.lang.Object, java.lang.Object, java.lang.Object, java.lang.Object, java.lang.Object, java.lang.Object, java.lang.Object, java.lang.Object, java.lang.Object, java.lang.O
Event: 13.675 Thread 0x00000256a97be790 Exception <a 'java/lang/NoSuchMethodError'{0x00000000edf67698}: 'java.lang.Object java.lang.invoke.DirectMethodHandle$Holder.invokeStatic(java.lang.Object, java.lang.Object, java.lang.Object, java.lang.Object, java.lang.Object, java.lang.Object, java.lang.Object, java.lang.Object, java.lang.Object, java.lang.Object, java.lang.Object, java.lang.Object, java.lang.Object, java.lang.Object, java.lang.Object, java.lang.Object, java.lang.Object)'> (0x00000000edf67698) 
thrown [s\open\src\hotspot\share\interprete
Event: 13.678 Thread 0x00000256a97be790 Exception <a 'java/lang/NoSuchMethodError'{0x00000000edf998c8}: 'java.lang.Object java.lang.invoke.DirectMethodHandle$Holder.invokeStatic(java.lang.Object, java.lang.Object, java.lang.Object, java.lang.Object, java.lang.Object, java.lang.Object, java.lang.Object, java.lang.Object, java.lang.Object, java.lang.Object, java.lang.Object, java.lang.Object, java.lang.Object, java.lang.Object, java.lang.Object, java.lang.Object, java.lang.Object, java.lang.Object)'> (0x00000000edf998c8) 
thrown [s\open\src\hotspo
Event: 13.691 Thread 0x00000256a97be790 Exception <a 'java/lang/NoSuchMethodError'{0x00000000edfcc8b0}: 'java.lang.Object java.lang.invoke.DirectMethodHandle$Holder.invokeStatic(java.lang.Object, java.lang.Object, java.lang.Object, java.lang.Object, java.lang.Object, java.lang.Object, java.lang.Object, java.lang.Object, java.lang.Object, java.lang.Object, java.lang.Object, java.lang.Object, java.lang.Object, java.lang.Object, java.lang.Object, java.lang.Object, java.lang.Object, java.lang.Object, java.lang.Object)'> (0x00000000edfcc8b0) 
thrown 
Event: 13.708 Thread 0x00000256a97be790 Exception <a 'java/lang/NoSuchMethodError'{0x00000000edfff5d0}: 'java.lang.Object java.lang.invoke.DirectMethodHandle$Holder.invokeStatic(java.lang.Object, java.lang.Object, java.lang.Object, java.lang.Object, java.lang.Object, java.lang.Object, java.lang.Object, java.lang.Object, java.lang.Object, java.lang.Object, java.lang.Object, java.lang.Object, java.lang.Object, java.lang.Object, java.lang.Object, java.lang.Object, java.lang.Object, java.lang.Object, java.lang.Object, java.lang.Object)'> (0x00000000
Event: 13.721 Thread 0x00000256a97be790 Exception <a 'java/lang/NoSuchMethodError'{0x00000000ede36100}: 'java.lang.Object java.lang.invoke.DirectMethodHandle$Holder.invokeStatic(java.lang.Object, java.lang.Object, java.lang.Object, java.lang.Object, java.lang.Object, java.lang.Object, java.lang.Object, java.lang.Object, java.lang.Object, java.lang.Object, java.lang.Object, java.lang.Object, java.lang.Object, java.lang.Object, java.lang.Object, java.lang.Object, java.lang.Object, java.lang.Object, java.lang.Object, java.lang.Object, java.lang.Obj
Event: 13.727 Thread 0x00000256a97be790 Exception <a 'java/lang/NoSuchMethodError'{0x00000000ede6c348}: 'java.lang.Object java.lang.invoke.DirectMethodHandle$Holder.invokeStatic(java.lang.Object, java.lang.Object, java.lang.Object, java.lang.Object, java.lang.Object, java.lang.Object, java.lang.Object, java.lang.Object, java.lang.Object, java.lang.Object, java.lang.Object, java.lang.Object, java.lang.Object, java.lang.Object, java.lang.Object, java.lang.Object, java.lang.Object, java.lang.Object, java.lang.Object, java.lang.Object, java.lang.Obj
Event: 13.738 Thread 0x00000256a97be790 Exception <a 'java/lang/NoSuchMethodError'{0x00000000edea3170}: 'java.lang.Object java.lang.invoke.DirectMethodHandle$Holder.invokeStatic(java.lang.Object, java.lang.Object, java.lang.Object, java.lang.Object, java.lang.Object, java.lang.Object, java.lang.Object, java.lang.Object, java.lang.Object, java.lang.Object, java.lang.Object, java.lang.Object, java.lang.Object, java.lang.Object, java.lang.Object, java.lang.Object, java.lang.Object, java.lang.Object, java.lang.Object, java.lang.Object, java.lang.Obj
Event: 13.742 Thread 0x00000256a97be790 Exception <a 'java/lang/NoSuchMethodError'{0x00000000ededb610}: 'java.lang.Object java.lang.invoke.DirectMethodHandle$Holder.invokeStatic(java.lang.Object, java.lang.Object, java.lang.Object, java.lang.Object, java.lang.Object, java.lang.Object, java.lang.Object, java.lang.Object, java.lang.Object, java.lang.Object, java.lang.Object, java.lang.Object, java.lang.Object, java.lang.Object, java.lang.Object, java.lang.Object, java.lang.Object, java.lang.Object, java.lang.Object, java.lang.Object, java.lang.Obj
Event: 13.753 Thread 0x00000256a97be790 Exception <a 'java/lang/NoSuchMethodError'{0x00000000edd14710}: 'java.lang.Object java.lang.invoke.DirectMethodHandle$Holder.invokeStatic(java.lang.Object, java.lang.Object, java.lang.Object, java.lang.Object, java.lang.Object, java.lang.Object, java.lang.Object, java.lang.Object, java.lang.Object, java.lang.Object, java.lang.Object, java.lang.Object, java.lang.Object, java.lang.Object, java.lang.Object, java.lang.Object, java.lang.Object, java.lang.Object, java.lang.Object, java.lang.Object, java.lang.Obj
Event: 13.775 Thread 0x00000256a97be790 Exception <a 'java/lang/NoSuchMethodError'{0x00000000edd4eae0}: 'java.lang.Object java.lang.invoke.DirectMethodHandle$Holder.invokeStatic(java.lang.Object, java.lang.Object, java.lang.Object, java.lang.Object, java.lang.Object, java.lang.Object, java.lang.Object, java.lang.Object, java.lang.Object, java.lang.Object, java.lang.Object, java.lang.Object, java.lang.Object, java.lang.Object, java.lang.Object, java.lang.Object, java.lang.Object, java.lang.Object, java.lang.Object, java.lang.Object, java.lang.Obj
Event: 13.787 Thread 0x00000256a97be790 Exception <a 'java/lang/NoSuchMethodError'{0x00000000edd897d8}: 'java.lang.Object java.lang.invoke.DirectMethodHandle$Holder.invokeStatic(java.lang.Object, java.lang.Object, java.lang.Object, java.lang.Object, java.lang.Object, java.lang.Object, java.lang.Object, java.lang.Object, java.lang.Object, java.lang.Object, java.lang.Object, java.lang.Object, java.lang.Object, java.lang.Object, java.lang.Object, java.lang.Object, java.lang.Object, java.lang.Object, java.lang.Object, java.lang.Object, java.lang.Obj

VM Operations (20 events):
Event: 10.560 Executing VM operation: HandshakeAllThreads (Deoptimize)
Event: 10.560 Executing VM operation: HandshakeAllThreads (Deoptimize) done
Event: 10.564 Executing VM operation: HandshakeAllThreads (Deoptimize)
Event: 10.564 Executing VM operation: HandshakeAllThreads (Deoptimize) done
Event: 10.667 Executing VM operation: HandshakeAllThreads (Deoptimize)
Event: 10.667 Executing VM operation: HandshakeAllThreads (Deoptimize) done
Event: 10.872 Executing VM operation: HandshakeAllThreads (Deoptimize)
Event: 10.872 Executing VM operation: HandshakeAllThreads (Deoptimize) done
Event: 11.286 Executing VM operation: HandshakeAllThreads (Deoptimize)
Event: 11.286 Executing VM operation: HandshakeAllThreads (Deoptimize) done
Event: 11.381 Executing VM operation: HandshakeAllThreads (Deoptimize)
Event: 11.381 Executing VM operation: HandshakeAllThreads (Deoptimize) done
Event: 11.592 Executing VM operation: HandshakeAllThreads (Deoptimize)
Event: 11.592 Executing VM operation: HandshakeAllThreads (Deoptimize) done
Event: 11.858 Executing VM operation: HandshakeAllThreads (Deoptimize)
Event: 11.858 Executing VM operation: HandshakeAllThreads (Deoptimize) done
Event: 12.370 Executing VM operation: G1CollectForAllocation (G1 Evacuation Pause)
Event: 12.389 Executing VM operation: G1CollectForAllocation (G1 Evacuation Pause) done
Event: 12.878 Executing VM operation: HandshakeAllThreads (Deoptimize)
Event: 12.878 Executing VM operation: HandshakeAllThreads (Deoptimize) done

Memory protections (0 events):
No events

Nmethod flushes (0 events):
No events

Events (20 events):
Event: 3.037 Thread 0x00000256a969d2f0 Thread added: 0x00000256c335f820
Event: 3.229 Thread 0x00000256c335f820 Thread exited: 0x00000256c335f820
Event: 5.853 Thread 0x00000256a96ba6b0 Thread added: 0x00000256a9a0efe0
Event: 6.775 Thread 0x00000256a9a0efe0 Thread exited: 0x00000256a9a0efe0
Event: 10.877 Thread 0x000002568ede1f30 Thread added: 0x00000256c44ecc30
Event: 11.485 Thread 0x00000256a969d2f0 Thread added: 0x00000256c3338920
Event: 11.638 Thread 0x000002568ede1f30 Thread added: 0x00000256c48bcb10
Event: 11.812 Thread 0x000002568ede1f30 Thread added: 0x00000256a97cad40
Event: 12.070 Thread 0x00000256c48bcb10 Thread added: 0x00000256c47c9cd0
Event: 12.074 Thread 0x00000256c47c9cd0 Thread added: 0x00000256a97c0c20
Event: 12.156 Thread 0x00000256c47c9cd0 Thread added: 0x00000256a97beee0
Event: 12.185 Thread 0x00000256c3338920 Thread exited: 0x00000256c3338920
Event: 12.197 Thread 0x00000256c47c9cd0 Thread added: 0x00000256a97be790
Event: 12.221 Thread 0x00000256a97be790 Thread added: 0x00000256a97bd8f0
Event: 12.262 Thread 0x00000256a97be790 Thread added: 0x00000256a97bf630
Event: 12.268 Thread 0x00000256a97be790 Thread added: 0x00000256a97bfd80
Event: 13.135 Thread 0x00000256a97be790 Thread added: 0x00000256a97be040
Event: 13.146 Thread 0x00000256a97be790 Thread added: 0x00000256a97c04d0
Event: 13.222 Thread 0x00000256a97be790 Thread added: 0x00000256c4b43c10
Event: 13.684 Thread 0x00000256a96ba6b0 Thread added: 0x00000256c5155d30


Dynamic libraries:
0x00007ff7e7de0000 - 0x00007ff7e7dee000 	C:\Users\1000y\.jdks\openjdk-24.0.1\bin\java.exe
0x00007ff9d0710000 - 0x00007ff9d0908000 	C:\WINDOWS\SYSTEM32\ntdll.dll
0x00007ff9cea90000 - 0x00007ff9ceb52000 	C:\WINDOWS\System32\KERNEL32.DLL
0x00007ff9cded0000 - 0x00007ff9ce1c6000 	C:\WINDOWS\System32\KERNELBASE.dll
0x00007ff9cdda0000 - 0x00007ff9cdea0000 	C:\WINDOWS\System32\ucrtbase.dll
0x00007ff9c7c80000 - 0x00007ff9c7c96000 	C:\Users\1000y\.jdks\openjdk-24.0.1\bin\jli.dll
0x00007ff9cfbe0000 - 0x00007ff9cfd7d000 	C:\WINDOWS\System32\USER32.dll
0x00007ff9c63a0000 - 0x00007ff9c63bb000 	C:\Users\1000y\.jdks\openjdk-24.0.1\bin\VCRUNTIME140.dll
0x00007ff9cdea0000 - 0x00007ff9cdec2000 	C:\WINDOWS\System32\win32u.dll
0x00007ff9bcfb0000 - 0x00007ff9bd24a000 	C:\WINDOWS\WinSxS\amd64_microsoft.windows.common-controls_6595b64144ccf1df_6.0.19041.5915_none_60b4b9d171f9c7c7\COMCTL32.dll
0x00007ff9cf7e0000 - 0x00007ff9cf80b000 	C:\WINDOWS\System32\GDI32.dll
0x00007ff9cf0d0000 - 0x00007ff9cf16e000 	C:\WINDOWS\System32\msvcrt.dll
0x00007ff9ce1d0000 - 0x00007ff9ce2e9000 	C:\WINDOWS\System32\gdi32full.dll
0x00007ff9ce640000 - 0x00007ff9ce6dd000 	C:\WINDOWS\System32\msvcp_win.dll
0x00007ff9ceb60000 - 0x00007ff9ceb8f000 	C:\WINDOWS\System32\IMM32.DLL
0x00007ff9cb260000 - 0x00007ff9cb26c000 	C:\Users\1000y\.jdks\openjdk-24.0.1\bin\vcruntime140_1.dll
0x00007ff9bfb80000 - 0x00007ff9bfc0e000 	C:\Users\1000y\.jdks\openjdk-24.0.1\bin\msvcp140.dll
0x00007ff994760000 - 0x00007ff995502000 	C:\Users\1000y\.jdks\openjdk-24.0.1\bin\server\jvm.dll
0x00007ff9cfa70000 - 0x00007ff9cfb21000 	C:\WINDOWS\System32\ADVAPI32.dll
0x00007ff9d04f0000 - 0x00007ff9d058f000 	C:\WINDOWS\System32\sechost.dll
0x00007ff9ce750000 - 0x00007ff9ce873000 	C:\WINDOWS\System32\RPCRT4.dll
0x00007ff9ce2f0000 - 0x00007ff9ce317000 	C:\WINDOWS\System32\bcrypt.dll
0x00007ff9cf770000 - 0x00007ff9cf7db000 	C:\WINDOWS\System32\WS2_32.dll
0x00007ff9c1750000 - 0x00007ff9c1777000 	C:\WINDOWS\SYSTEM32\WINMM.dll
0x00007ff9cd200000 - 0x00007ff9cd24b000 	C:\WINDOWS\SYSTEM32\POWRPROF.dll
0x00007ff9c65d0000 - 0x00007ff9c65da000 	C:\WINDOWS\SYSTEM32\VERSION.dll
0x00007ff9cd1a0000 - 0x00007ff9cd1b2000 	C:\WINDOWS\SYSTEM32\UMPDC.dll
0x00007ff9cc940000 - 0x00007ff9cc952000 	C:\WINDOWS\SYSTEM32\kernel.appcore.dll
0x00007ff9c73f0000 - 0x00007ff9c73fa000 	C:\Users\1000y\.jdks\openjdk-24.0.1\bin\jimage.dll
0x00007ff9bd2b0000 - 0x00007ff9bd4b1000 	C:\WINDOWS\SYSTEM32\DBGHELP.DLL
0x00007ff9bd690000 - 0x00007ff9bd6c4000 	C:\WINDOWS\SYSTEM32\dbgcore.DLL
0x00007ff9ce5b0000 - 0x00007ff9ce632000 	C:\WINDOWS\System32\bcryptPrimitives.dll
0x00007ff9c7290000 - 0x00007ff9c729f000 	C:\Users\1000y\.jdks\openjdk-24.0.1\bin\instrument.dll
0x00007ff9c36f0000 - 0x00007ff9c370e000 	C:\Users\1000y\.jdks\openjdk-24.0.1\bin\java.dll
0x00007ff9cef90000 - 0x00007ff9cf0bb000 	C:\WINDOWS\System32\ole32.dll
0x00007ff9ceb90000 - 0x00007ff9ceee3000 	C:\WINDOWS\System32\combase.dll
0x00007ff9cfd80000 - 0x00007ff9d04ee000 	C:\WINDOWS\System32\SHELL32.dll
0x00007ff9cbc40000 - 0x00007ff9cc3e4000 	C:\WINDOWS\SYSTEM32\windows.storage.dll
0x00007ff9cd7d0000 - 0x00007ff9cd7fb000 	C:\WINDOWS\SYSTEM32\Wldp.dll
0x00007ff9cf6a0000 - 0x00007ff9cf76d000 	C:\WINDOWS\System32\OLEAUT32.dll
0x00007ff9d0590000 - 0x00007ff9d063d000 	C:\WINDOWS\System32\SHCORE.dll
0x00007ff9cf1d0000 - 0x00007ff9cf22b000 	C:\WINDOWS\System32\shlwapi.dll
0x00007ff9cdcd0000 - 0x00007ff9cdcf4000 	C:\WINDOWS\SYSTEM32\profapi.dll
0x00007ff9b51b0000 - 0x00007ff9b5287000 	C:\Users\1000y\.jdks\openjdk-24.0.1\bin\jsvml.dll
0x00007ff9c3690000 - 0x00007ff9c36a7000 	C:\Users\1000y\.jdks\openjdk-24.0.1\bin\zip.dll
0x00007ff9c6390000 - 0x00007ff9c63a0000 	C:\Users\1000y\.jdks\openjdk-24.0.1\bin\net.dll
0x00007ff9cd530000 - 0x00007ff9cd59a000 	C:\WINDOWS\system32\mswsock.dll
0x00007ff9c1790000 - 0x00007ff9c17a6000 	C:\Users\1000y\.jdks\openjdk-24.0.1\bin\nio.dll
0x00007ff9c36e0000 - 0x00007ff9c36f0000 	C:\Users\1000y\.jdks\openjdk-24.0.1\bin\verify.dll
0x00007ff9c7330000 - 0x00007ff9c7357000 	C:\Users\1000y\.gradle\native\1def1411415f61bf3af743bc5b6707747c0891f09f0c88961ee8f79bc544acac\windows-amd64\native-platform.dll
0x00007ff9b5090000 - 0x00007ff9b5108000 	C:\Users\1000y\.gradle\native\0.2.7\x86_64-windows-gnu\gradle-fileevents.dll
0x00007ff9c1780000 - 0x00007ff9c178a000 	C:\Users\1000y\.jdks\openjdk-24.0.1\bin\management.dll
0x00007ff9c1410000 - 0x00007ff9c141b000 	C:\Users\1000y\.jdks\openjdk-24.0.1\bin\management_ext.dll
0x00007ff9cef70000 - 0x00007ff9cef78000 	C:\WINDOWS\System32\PSAPI.DLL
0x00007ff9cd1c0000 - 0x00007ff9cd1fb000 	C:\WINDOWS\SYSTEM32\IPHLPAPI.DLL
0x00007ff9cef80000 - 0x00007ff9cef88000 	C:\WINDOWS\System32\NSI.dll
0x00007ff9c0d80000 - 0x00007ff9c0d89000 	C:\Users\1000y\.jdks\openjdk-24.0.1\bin\extnet.dll
0x00007ff9cd730000 - 0x00007ff9cd748000 	C:\WINDOWS\SYSTEM32\CRYPTSP.dll
0x00007ff9ccde0000 - 0x00007ff9cce18000 	C:\WINDOWS\system32\rsaenh.dll
0x00007ff9cdc50000 - 0x00007ff9cdc7e000 	C:\WINDOWS\SYSTEM32\USERENV.dll
0x00007ff9cd720000 - 0x00007ff9cd72c000 	C:\WINDOWS\SYSTEM32\CRYPTBASE.dll
0x00007ff9c0d70000 - 0x00007ff9c0d7e000 	C:\Users\1000y\.jdks\openjdk-24.0.1\bin\sunmscapi.dll
0x00007ff9ce320000 - 0x00007ff9ce47d000 	C:\WINDOWS\System32\CRYPT32.dll
0x00007ff9cd840000 - 0x00007ff9cd867000 	C:\WINDOWS\SYSTEM32\ncrypt.dll
0x00007ff9cd800000 - 0x00007ff9cd83b000 	C:\WINDOWS\SYSTEM32\NTASN1.dll
0x00007ff9c7850000 - 0x00007ff9c7857000 	C:\WINDOWS\system32\wshunix.dll

JVMTI agents:
C:\Users\1000y\.gradle\wrapper\dists\gradle-8.14.3-bin\cv11ve7ro1n3o1j4so8xd9n66\gradle-8.14.3\lib\agents\gradle-instrumentation-agent-8.14.3.jar path:C:\Users\1000y\.jdks\openjdk-24.0.1\bin\instrument.dll, loaded, initialized, instrumentlib options:none

dbghelp: loaded successfully - version: 4.0.5 - missing functions: none
symbol engine: initialized successfully - sym options: 0x614 - pdb path: .;C:\Users\1000y\.jdks\openjdk-24.0.1\bin;C:\WINDOWS\SYSTEM32;C:\WINDOWS\WinSxS\amd64_microsoft.windows.common-controls_6595b64144ccf1df_6.0.19041.5915_none_60b4b9d171f9c7c7;C:\Users\1000y\.jdks\openjdk-24.0.1\bin\server;C:\Users\1000y\.gradle\native\1def1411415f61bf3af743bc5b6707747c0891f09f0c88961ee8f79bc544acac\windows-amd64;C:\Users\1000y\.gradle\native\0.2.7\x86_64-windows-gnu

VM Arguments:
jvm_args: --add-opens=java.base/java.lang=ALL-UNNAMED --add-opens=java.base/java.lang.invoke=ALL-UNNAMED --add-opens=java.base/java.util=ALL-UNNAMED --add-opens=java.prefs/java.util.prefs=ALL-UNNAMED --add-exports=jdk.compiler/com.sun.tools.javac.api=ALL-UNNAMED --add-exports=jdk.compiler/com.sun.tools.javac.util=ALL-UNNAMED --add-opens=java.base/java.util=ALL-UNNAMED --add-opens=java.prefs/java.util.prefs=ALL-UNNAMED --add-opens=java.base/java.nio.charset=ALL-UNNAMED --add-opens=java.base/java.net=ALL-UNNAMED --add-opens=java.base/java.util.concurrent.atomic=ALL-UNNAMED --add-opens=java.xml/javax.xml.namespace=ALL-UNNAMED --enable-native-access=ALL-UNNAMED -XX:MaxMetaspaceSize=384m -XX:+HeapDumpOnOutOfMemoryError -Xms256m -Xmx512m -Dfile.encoding=UTF-8 -Duser.country=KR -Duser.language=ko -Duser.variant -javaagent:C:\Users\1000y\.gradle\wrapper\dists\gradle-8.14.3-bin\cv11ve7ro1n3o1j4so8xd9n66\gradle-8.14.3\lib\agents\gradle-instrumentation-agent-8.14.3.jar 
java_command: org.gradle.launcher.daemon.bootstrap.GradleDaemon 8.14.3
java_class_path (initial): C:\Users\1000y\.gradle\wrapper\dists\gradle-8.14.3-bin\cv11ve7ro1n3o1j4so8xd9n66\gradle-8.14.3\lib\gradle-daemon-main-8.14.3.jar
Launcher Type: SUN_STANDARD

[Global flags]
     intx CICompilerCount                          = 3                                         {product} {ergonomic}
   size_t CompressedClassSpaceSize                 = 335544320                                 {product} {ergonomic}
     uint ConcGCThreads                            = 1                                         {product} {ergonomic}
     uint G1ConcRefinementThreads                  = 4                                         {product} {ergonomic}
   size_t G1HeapRegionSize                         = 1048576                                   {product} {ergonomic}
     bool HeapDumpOnOutOfMemoryError               = true                                   {manageable} {command line}
   size_t InitialHeapSize                          = 268435456                                 {product} {command line}
   size_t MarkStackSize                            = 4194304                                   {product} {ergonomic}
   size_t MarkStackSizeMax                         = 536870912                                 {product} {ergonomic}
   size_t MaxHeapSize                              = 536870912                                 {product} {command line}
   size_t MaxMetaspaceSize                         = 402653184                                 {product} {command line}
   size_t MaxNewSize                               = 321912832                                 {product} {ergonomic}
   size_t MinHeapDeltaBytes                        = 1048576                                   {product} {ergonomic}
   size_t MinHeapSize                              = 268435456                                 {product} {command line}
    uintx NonNMethodCodeHeapSize                   = 5832704                                {pd product} {ergonomic}
    uintx NonProfiledCodeHeapSize                  = 122945536                              {pd product} {ergonomic}
    uintx ProfiledCodeHeapSize                     = 122880000                              {pd product} {ergonomic}
    uintx ReservedCodeCacheSize                    = 251658240                              {pd product} {ergonomic}
     bool SegmentedCodeCache                       = true                                      {product} {ergonomic}
   size_t SoftMaxHeapSize                          = 536870912                              {manageable} {ergonomic}
     bool UseCompressedOops                        = true                           {product lp64_product} {ergonomic}
     bool UseG1GC                                  = true                                      {product} {ergonomic}
     bool UseLargePagesIndividualAllocation        = false                                  {pd product} {ergonomic}

Logging:
Log output configuration:
 #0: stdout all=warning uptime,level,tags foldmultilines=false
 #1: stderr all=off uptime,level,tags foldmultilines=false

Environment Variables:
JAVA_HOME=C:\Program Files\Java\jdk-11.0.15\jdk1.8.0_91
CLASSPATH=C:\Program Files\Apache Software Foundation\Tomcat 9.0\lib\servlet-api.jar;C:\Program Files\Apache Software Foundation\Tomcat 8.0\lib\servlet-api.jar;.;C:\Program Files\Java\jdk-11.0.15\jdk1.8.0_91\lib\tools.ja;
PATH=C:\Program Files\Common Files\Oracle\Java\javapath;C:\Program Files (x86)\Common Files\Oracle\Java\javapath;C:\ProgramData\Oracle\Java\javapath;C:\oraclexe\app\oracle\product\11.2.0\server\bin;C:\Program Files\Java\jdk-11.0.15\jdk1.8.0_91\bin;C:\Program Files\OpenVPN\bin;C:\WINDOWS\system32;C:\WINDOWS;C:\WINDOWS\System32\Wbem;C:\WINDOWS\System32\WindowsPowerShell\v1.0\;C:\WINDOWS\System32\OpenSSH\;C:\Users\1000y\AppData\Local\Microsoft\WindowsApps;C:\Users\1000y\AppData\Local\Programs\Git\cmd
USERNAME=1000y
OS=Windows_NT
PROCESSOR_IDENTIFIER=Intel64 Family 6 Model 69 Stepping 1, GenuineIntel
TMP=C:\Users\1000y\AppData\Local\Temp
TEMP=C:\Users\1000y\AppData\Local\Temp




Periodic native trim disabled

---------------  S Y S T E M  ---------------

OS:
 Windows 10 , 64 bit Build 19041 (10.0.19041.5915)
OS uptime: 0 days 8:35 hours

CPU: total 4 (initial active 4) (2 cores per cpu, 2 threads per core) family 6 model 69 stepping 1 microcode 0x25, cx8, cmov, fxsr, ht, mmx, sse, sse2, sse3, ssse3, sse4.1, sse4.2, popcnt, lzcnt, tsc, tscinvbit, avx, avx2, aes, erms, clmul, bmi1, bmi2, fma, vzeroupper, clflush, rdtscp, f16c
Processor Information for the first 4 processors :
  Max Mhz: 2301, Current Mhz: 1600, Mhz Limit: 1587

Memory: 4k page, system-wide physical 8104M (830M free)
TotalPageFile size 10004M (AvailPageFile size 9M)
current process WorkingSet (physical memory assigned to process): 236M, peak: 236M
current process commit charge ("private bytes"): 413M, peak: 421M

vm_info: OpenJDK 64-Bit Server VM (24.0.1+9-30) for windows-amd64 JRE (24.0.1+9-30), built on 2025-03-05T07:23:45Z with MS VC++ 17.6 (VS2022)

END.
